[debug] [2023-10-16T07:04:11.904Z] ----------------------------------------------------------------------
[debug] [2023-10-16T07:04:11.906Z] Command:       /home/usuario/.nvm/versions/node/v16.20.1/bin/node /home/usuario/.nvm/versions/node/v16.20.1/bin/firebase deploy --only functions
[debug] [2023-10-16T07:04:11.906Z] CLI Version:   12.7.0
[debug] [2023-10-16T07:04:11.906Z] Platform:      linux
[debug] [2023-10-16T07:04:11.907Z] Node Version:  v16.20.1
[debug] [2023-10-16T07:04:11.907Z] Time:          Mon Oct 16 2023 04:04:11 GMT-0300 (Brasilia Standard Time)
[debug] [2023-10-16T07:04:11.907Z] ----------------------------------------------------------------------
[debug] 
[debug] [2023-10-16T07:04:11.978Z] > command requires scopes: ["email","openid","https://www.googleapis.com/auth/cloudplatformprojects.readonly","https://www.googleapis.com/auth/firebase","https://www.googleapis.com/auth/cloud-platform"]
[debug] [2023-10-16T07:04:11.979Z] > authorizing via signed-in user (danrleywillian@gmail.com)
[debug] [2023-10-16T07:04:11.979Z] [iam] checking project moveeduca-org for permissions ["cloudfunctions.functions.create","cloudfunctions.functions.delete","cloudfunctions.functions.get","cloudfunctions.functions.list","cloudfunctions.functions.update","cloudfunctions.operations.get","firebase.projects.get"]
[debug] [2023-10-16T07:04:11.981Z] >>> [apiv2][query] POST https://cloudresourcemanager.googleapis.com/v1/projects/moveeduca-org:testIamPermissions [none]
[debug] [2023-10-16T07:04:11.981Z] >>> [apiv2][(partial)header] POST https://cloudresourcemanager.googleapis.com/v1/projects/moveeduca-org:testIamPermissions x-goog-quota-user=projects/moveeduca-org
[debug] [2023-10-16T07:04:11.981Z] >>> [apiv2][body] POST https://cloudresourcemanager.googleapis.com/v1/projects/moveeduca-org:testIamPermissions {"permissions":["cloudfunctions.functions.create","cloudfunctions.functions.delete","cloudfunctions.functions.get","cloudfunctions.functions.list","cloudfunctions.functions.update","cloudfunctions.operations.get","firebase.projects.get"]}
[debug] [2023-10-16T07:04:12.999Z] <<< [apiv2][status] POST https://cloudresourcemanager.googleapis.com/v1/projects/moveeduca-org:testIamPermissions 200
[debug] [2023-10-16T07:04:13.000Z] <<< [apiv2][body] POST https://cloudresourcemanager.googleapis.com/v1/projects/moveeduca-org:testIamPermissions {"permissions":["cloudfunctions.functions.create","cloudfunctions.functions.delete","cloudfunctions.functions.get","cloudfunctions.functions.list","cloudfunctions.functions.update","cloudfunctions.operations.get","firebase.projects.get"]}
[debug] [2023-10-16T07:04:13.002Z] >>> [apiv2][query] POST https://iam.googleapis.com/v1/projects/moveeduca-org/serviceAccounts/moveeduca-org@appspot.gserviceaccount.com:testIamPermissions [none]
[debug] [2023-10-16T07:04:13.002Z] >>> [apiv2][body] POST https://iam.googleapis.com/v1/projects/moveeduca-org/serviceAccounts/moveeduca-org@appspot.gserviceaccount.com:testIamPermissions {"permissions":["iam.serviceAccounts.actAs"]}
[debug] [2023-10-16T07:04:13.973Z] <<< [apiv2][status] POST https://iam.googleapis.com/v1/projects/moveeduca-org/serviceAccounts/moveeduca-org@appspot.gserviceaccount.com:testIamPermissions 200
[debug] [2023-10-16T07:04:13.974Z] <<< [apiv2][body] POST https://iam.googleapis.com/v1/projects/moveeduca-org/serviceAccounts/moveeduca-org@appspot.gserviceaccount.com:testIamPermissions {"permissions":["iam.serviceAccounts.actAs"]}
[info] 
[info] === Deploying to 'moveeduca-org'...
[info] 
[info] i  deploying functions 
[info] Running command: npm --prefix "$RESOURCE_DIR" run lint
[info] ✔  functions: Finished running predeploy script. 
[debug] [2023-10-16T07:04:15.302Z] >>> [apiv2][query] GET https://firebase.googleapis.com/v1beta1/projects/moveeduca-org [none]
[debug] [2023-10-16T07:04:15.950Z] <<< [apiv2][status] GET https://firebase.googleapis.com/v1beta1/projects/moveeduca-org 200
[debug] [2023-10-16T07:04:15.950Z] <<< [apiv2][body] GET https://firebase.googleapis.com/v1beta1/projects/moveeduca-org {"projectId":"moveeduca-org","projectNumber":"418970321616","displayName":"moveeduca","name":"projects/moveeduca-org","resources":{"hostingSite":"moveeduca-org","realtimeDatabaseInstance":"moveeduca-org"},"state":"ACTIVE","etag":"1_58e6f4fc-4277-4fba-afe9-6db96ab28315"}
[info] i  functions: preparing codebase default for deployment 
[info] i  functions: ensuring required API cloudfunctions.googleapis.com is enabled... 
[info] i  functions: ensuring required API cloudbuild.googleapis.com is enabled... 
[info] i  artifactregistry: ensuring required API artifactregistry.googleapis.com is enabled... 
[debug] [2023-10-16T07:04:15.959Z] >>> [apiv2][query] GET https://serviceusage.googleapis.com/v1/projects/moveeduca-org/services/cloudfunctions.googleapis.com [none]
[debug] [2023-10-16T07:04:15.959Z] >>> [apiv2][(partial)header] GET https://serviceusage.googleapis.com/v1/projects/moveeduca-org/services/cloudfunctions.googleapis.com x-goog-quota-user=projects/moveeduca-org
[debug] [2023-10-16T07:04:15.962Z] >>> [apiv2][query] GET https://serviceusage.googleapis.com/v1/projects/moveeduca-org/services/runtimeconfig.googleapis.com [none]
[debug] [2023-10-16T07:04:15.962Z] >>> [apiv2][(partial)header] GET https://serviceusage.googleapis.com/v1/projects/moveeduca-org/services/runtimeconfig.googleapis.com x-goog-quota-user=projects/moveeduca-org
[debug] [2023-10-16T07:04:15.964Z] >>> [apiv2][query] GET https://serviceusage.googleapis.com/v1/projects/moveeduca-org/services/cloudbuild.googleapis.com [none]
[debug] [2023-10-16T07:04:15.965Z] >>> [apiv2][(partial)header] GET https://serviceusage.googleapis.com/v1/projects/moveeduca-org/services/cloudbuild.googleapis.com x-goog-quota-user=projects/moveeduca-org
[debug] [2023-10-16T07:04:15.966Z] >>> [apiv2][query] GET https://serviceusage.googleapis.com/v1/projects/moveeduca-org/services/artifactregistry.googleapis.com [none]
[debug] [2023-10-16T07:04:15.966Z] >>> [apiv2][(partial)header] GET https://serviceusage.googleapis.com/v1/projects/moveeduca-org/services/artifactregistry.googleapis.com x-goog-quota-user=projects/moveeduca-org
[debug] [2023-10-16T07:04:17.077Z] <<< [apiv2][status] GET https://serviceusage.googleapis.com/v1/projects/moveeduca-org/services/cloudfunctions.googleapis.com 200
[debug] [2023-10-16T07:04:17.078Z] <<< [apiv2][body] GET https://serviceusage.googleapis.com/v1/projects/moveeduca-org/services/cloudfunctions.googleapis.com [omitted]
[info] ✔  functions: required API cloudfunctions.googleapis.com is enabled 
[debug] [2023-10-16T07:04:17.151Z] <<< [apiv2][status] GET https://serviceusage.googleapis.com/v1/projects/moveeduca-org/services/runtimeconfig.googleapis.com 200
[debug] [2023-10-16T07:04:17.152Z] <<< [apiv2][body] GET https://serviceusage.googleapis.com/v1/projects/moveeduca-org/services/runtimeconfig.googleapis.com [omitted]
[debug] [2023-10-16T07:04:17.160Z] <<< [apiv2][status] GET https://serviceusage.googleapis.com/v1/projects/moveeduca-org/services/artifactregistry.googleapis.com 200
[debug] [2023-10-16T07:04:17.160Z] <<< [apiv2][body] GET https://serviceusage.googleapis.com/v1/projects/moveeduca-org/services/artifactregistry.googleapis.com [omitted]
[warn] ⚠  artifactregistry: missing required API artifactregistry.googleapis.com. Enabling now... 
[debug] [2023-10-16T07:04:17.164Z] >>> [apiv2][query] POST https://serviceusage.googleapis.com/v1/projects/moveeduca-org/services/artifactregistry.googleapis.com:enable [none]
[debug] [2023-10-16T07:04:17.164Z] >>> [apiv2][(partial)header] POST https://serviceusage.googleapis.com/v1/projects/moveeduca-org/services/artifactregistry.googleapis.com:enable x-goog-quota-user=projects/moveeduca-org
[debug] [2023-10-16T07:04:17.186Z] <<< [apiv2][status] GET https://serviceusage.googleapis.com/v1/projects/moveeduca-org/services/cloudbuild.googleapis.com 200
[debug] [2023-10-16T07:04:17.187Z] <<< [apiv2][body] GET https://serviceusage.googleapis.com/v1/projects/moveeduca-org/services/cloudbuild.googleapis.com [omitted]
[warn] ⚠  functions: missing required API cloudbuild.googleapis.com. Enabling now... 
[debug] [2023-10-16T07:04:17.190Z] >>> [apiv2][query] POST https://serviceusage.googleapis.com/v1/projects/moveeduca-org/services/cloudbuild.googleapis.com:enable [none]
[debug] [2023-10-16T07:04:17.190Z] >>> [apiv2][(partial)header] POST https://serviceusage.googleapis.com/v1/projects/moveeduca-org/services/cloudbuild.googleapis.com:enable x-goog-quota-user=projects/moveeduca-org
[debug] [2023-10-16T07:04:19.113Z] <<< [apiv2][status] POST https://serviceusage.googleapis.com/v1/projects/moveeduca-org/services/cloudbuild.googleapis.com:enable 200
[debug] [2023-10-16T07:04:19.113Z] <<< [apiv2][body] POST https://serviceusage.googleapis.com/v1/projects/moveeduca-org/services/cloudbuild.googleapis.com:enable [omitted]
[debug] [2023-10-16T07:04:19.157Z] <<< [apiv2][status] POST https://serviceusage.googleapis.com/v1/projects/moveeduca-org/services/artifactregistry.googleapis.com:enable 200
[debug] [2023-10-16T07:04:19.157Z] <<< [apiv2][body] POST https://serviceusage.googleapis.com/v1/projects/moveeduca-org/services/artifactregistry.googleapis.com:enable [omitted]
[debug] [2023-10-16T07:04:29.118Z] >>> [apiv2][query] GET https://serviceusage.googleapis.com/v1/projects/moveeduca-org/services/cloudbuild.googleapis.com [none]
[debug] [2023-10-16T07:04:29.120Z] >>> [apiv2][(partial)header] GET https://serviceusage.googleapis.com/v1/projects/moveeduca-org/services/cloudbuild.googleapis.com x-goog-quota-user=projects/moveeduca-org
[debug] [2023-10-16T07:04:29.159Z] >>> [apiv2][query] GET https://serviceusage.googleapis.com/v1/projects/moveeduca-org/services/artifactregistry.googleapis.com [none]
[debug] [2023-10-16T07:04:29.160Z] >>> [apiv2][(partial)header] GET https://serviceusage.googleapis.com/v1/projects/moveeduca-org/services/artifactregistry.googleapis.com x-goog-quota-user=projects/moveeduca-org
[debug] [2023-10-16T07:04:30.180Z] <<< [apiv2][status] GET https://serviceusage.googleapis.com/v1/projects/moveeduca-org/services/cloudbuild.googleapis.com 200
[debug] [2023-10-16T07:04:30.180Z] <<< [apiv2][body] GET https://serviceusage.googleapis.com/v1/projects/moveeduca-org/services/cloudbuild.googleapis.com [omitted]
[info] ✔  functions: required API cloudbuild.googleapis.com is enabled 
[debug] [2023-10-16T07:04:30.387Z] <<< [apiv2][status] GET https://serviceusage.googleapis.com/v1/projects/moveeduca-org/services/artifactregistry.googleapis.com 200
[debug] [2023-10-16T07:04:30.388Z] <<< [apiv2][body] GET https://serviceusage.googleapis.com/v1/projects/moveeduca-org/services/artifactregistry.googleapis.com [omitted]
[info] ✔  artifactregistry: required API artifactregistry.googleapis.com is enabled 
[debug] [2023-10-16T07:04:30.391Z] >>> [apiv2][query] GET https://firebase.googleapis.com/v1beta1/projects/moveeduca-org/adminSdkConfig [none]
[debug] [2023-10-16T07:04:31.001Z] <<< [apiv2][status] GET https://firebase.googleapis.com/v1beta1/projects/moveeduca-org/adminSdkConfig 200
[debug] [2023-10-16T07:04:31.002Z] <<< [apiv2][body] GET https://firebase.googleapis.com/v1beta1/projects/moveeduca-org/adminSdkConfig {"projectId":"moveeduca-org","databaseURL":"https://moveeduca-org.firebaseio.com","storageBucket":"moveeduca-org.appspot.com"}
[debug] [2023-10-16T07:04:31.005Z] >>> [apiv2][query] GET https://runtimeconfig.googleapis.com/v1beta1/projects/moveeduca-org/configs [none]
[debug] [2023-10-16T07:04:31.514Z] <<< [apiv2][status] GET https://runtimeconfig.googleapis.com/v1beta1/projects/moveeduca-org/configs 200
[debug] [2023-10-16T07:04:31.515Z] <<< [apiv2][body] GET https://runtimeconfig.googleapis.com/v1beta1/projects/moveeduca-org/configs {"configs":[{"name":"projects/moveeduca-org/configs/sendgrid"}]}
[debug] [2023-10-16T07:04:31.517Z] >>> [apiv2][query] GET https://runtimeconfig.googleapis.com/v1beta1/projects/moveeduca-org/configs/sendgrid/variables [none]
[debug] [2023-10-16T07:04:32.131Z] <<< [apiv2][status] GET https://runtimeconfig.googleapis.com/v1beta1/projects/moveeduca-org/configs/sendgrid/variables 200
[debug] [2023-10-16T07:04:32.131Z] <<< [apiv2][body] GET https://runtimeconfig.googleapis.com/v1beta1/projects/moveeduca-org/configs/sendgrid/variables {"variables":[{"name":"projects/moveeduca-org/configs/sendgrid/variables/apikey","updateTime":"2023-10-16T07:02:50.848485634Z"}]}
[debug] [2023-10-16T07:04:32.134Z] >>> [apiv2][query] GET https://runtimeconfig.googleapis.com/v1beta1/projects/moveeduca-org/configs/sendgrid/variables/apikey [none]
[debug] [2023-10-16T07:04:33.249Z] <<< [apiv2][status] GET https://runtimeconfig.googleapis.com/v1beta1/projects/moveeduca-org/configs/sendgrid/variables/apikey 200
[debug] [2023-10-16T07:04:33.250Z] <<< [apiv2][body] GET https://runtimeconfig.googleapis.com/v1beta1/projects/moveeduca-org/configs/sendgrid/variables/apikey {"name":"projects/moveeduca-org/configs/sendgrid/variables/apikey","updateTime":"2023-10-16T07:02:50.848485634Z","text":"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"}
[debug] [2023-10-16T07:04:33.260Z] Validating nodejs source
[debug] [2023-10-16T07:04:33.870Z] > [functions] package.json contents: {
  "name": "functions",
  "description": "Cloud Functions for Firebase",
  "scripts": {
    "lint": "eslint .",
    "serve": "firebase emulators:start --only functions",
    "shell": "firebase functions:shell",
    "start": "npm run shell",
    "deploy": "firebase deploy --only functions",
    "logs": "firebase functions:log"
  },
  "engines": {
    "node": "18"
  },
  "main": "index.js",
  "dependencies": {
    "@sendgrid/mail": "^7.7.0",
    "firebase-admin": "^11.8.0",
    "firebase-functions": "^4.3.1"
  },
  "devDependencies": {
    "eslint": "^8.15.0",
    "eslint-config-google": "^0.14.0",
    "firebase-functions-test": "^3.1.0"
  },
  "private": true
}
[debug] [2023-10-16T07:04:33.870Z] Building nodejs source
[info] i  functions: Loading and analyzing source code for codebase default to determine what to deploy 
[debug] [2023-10-16T07:04:33.872Z] Could not find functions.yaml. Must use http discovery
[debug] [2023-10-16T07:04:33.876Z] Found firebase-functions binary at '/home/usuario/git/moveeduca/functions/node_modules/.bin/firebase-functions'
[info] Serving at port 8849

[debug] [2023-10-16T07:04:34.179Z] Got response from /__/functions.yaml {"endpoints":{"helloWorld":{"availableMemoryMb":null,"timeoutSeconds":null,"minInstances":null,"maxInstances":null,"ingressSettings":null,"concurrency":null,"serviceAccountEmail":null,"vpc":null,"platform":"gcfv2","labels":{},"httpsTrigger":{},"entryPoint":"helloWorld"},"sendEmail":{"platform":"gcfv1","availableMemoryMb":null,"timeoutSeconds":null,"minInstances":null,"maxInstances":null,"ingressSettings":null,"serviceAccountEmail":null,"vpc":null,"httpsTrigger":{},"entryPoint":"sendEmail"}},"specVersion":"v1alpha1","requiredAPIs":[]}
[info] shutdown requested via /__/quitquitquit

[info] i  functions: preparing functions directory for uploading... 
[info] i  functions: packaged /home/usuario/git/moveeduca/functions (74.96 KB) for uploading 
[info] i  functions: packaged /home/usuario/git/moveeduca/functions (75.29 KB) for uploading 
[debug] [2023-10-16T07:04:34.278Z] >>> [apiv2][query] GET https://cloudfunctions.googleapis.com/v1/projects/moveeduca-org/locations/-/functions [none]
[debug] [2023-10-16T07:04:35.301Z] <<< [apiv2][status] GET https://cloudfunctions.googleapis.com/v1/projects/moveeduca-org/locations/-/functions 200
[debug] [2023-10-16T07:04:35.301Z] <<< [apiv2][body] GET https://cloudfunctions.googleapis.com/v1/projects/moveeduca-org/locations/-/functions {}
[debug] [2023-10-16T07:04:35.306Z] >>> [apiv2][query] GET https://cloudfunctions.googleapis.com/v2/projects/moveeduca-org/locations/-/functions filter=environment%3D%22GEN_2%22
[debug] [2023-10-16T07:04:36.836Z] <<< [apiv2][status] GET https://cloudfunctions.googleapis.com/v2/projects/moveeduca-org/locations/-/functions 200
[debug] [2023-10-16T07:04:36.837Z] <<< [apiv2][body] GET https://cloudfunctions.googleapis.com/v2/projects/moveeduca-org/locations/-/functions {}
[info] i  functions: ensuring required API run.googleapis.com is enabled... 
[info] i  functions: ensuring required API eventarc.googleapis.com is enabled... 
[info] i  functions: ensuring required API pubsub.googleapis.com is enabled... 
[info] i  functions: ensuring required API storage.googleapis.com is enabled... 
[debug] [2023-10-16T07:04:36.852Z] >>> [apiv2][query] GET https://serviceusage.googleapis.com/v1/projects/moveeduca-org/services/run.googleapis.com [none]
[debug] [2023-10-16T07:04:36.852Z] >>> [apiv2][(partial)header] GET https://serviceusage.googleapis.com/v1/projects/moveeduca-org/services/run.googleapis.com x-goog-quota-user=projects/moveeduca-org
[debug] [2023-10-16T07:04:36.856Z] >>> [apiv2][query] GET https://serviceusage.googleapis.com/v1/projects/moveeduca-org/services/eventarc.googleapis.com [none]
[debug] [2023-10-16T07:04:36.856Z] >>> [apiv2][(partial)header] GET https://serviceusage.googleapis.com/v1/projects/moveeduca-org/services/eventarc.googleapis.com x-goog-quota-user=projects/moveeduca-org
[debug] [2023-10-16T07:04:36.859Z] >>> [apiv2][query] GET https://serviceusage.googleapis.com/v1/projects/moveeduca-org/services/pubsub.googleapis.com [none]
[debug] [2023-10-16T07:04:36.859Z] >>> [apiv2][(partial)header] GET https://serviceusage.googleapis.com/v1/projects/moveeduca-org/services/pubsub.googleapis.com x-goog-quota-user=projects/moveeduca-org
[debug] [2023-10-16T07:04:36.861Z] >>> [apiv2][query] GET https://serviceusage.googleapis.com/v1/projects/moveeduca-org/services/storage.googleapis.com [none]
[debug] [2023-10-16T07:04:36.861Z] >>> [apiv2][(partial)header] GET https://serviceusage.googleapis.com/v1/projects/moveeduca-org/services/storage.googleapis.com x-goog-quota-user=projects/moveeduca-org
[debug] [2023-10-16T07:04:37.979Z] <<< [apiv2][status] GET https://serviceusage.googleapis.com/v1/projects/moveeduca-org/services/pubsub.googleapis.com 200
[debug] [2023-10-16T07:04:37.980Z] <<< [apiv2][body] GET https://serviceusage.googleapis.com/v1/projects/moveeduca-org/services/pubsub.googleapis.com [omitted]
[info] ✔  functions: required API pubsub.googleapis.com is enabled 
[debug] [2023-10-16T07:04:37.983Z] <<< [apiv2][status] GET https://serviceusage.googleapis.com/v1/projects/moveeduca-org/services/storage.googleapis.com 200
[debug] [2023-10-16T07:04:37.984Z] <<< [apiv2][body] GET https://serviceusage.googleapis.com/v1/projects/moveeduca-org/services/storage.googleapis.com [omitted]
[warn] ⚠  functions: missing required API storage.googleapis.com. Enabling now... 
[debug] [2023-10-16T07:04:37.985Z] >>> [apiv2][query] POST https://serviceusage.googleapis.com/v1/projects/moveeduca-org/services/storage.googleapis.com:enable [none]
[debug] [2023-10-16T07:04:37.985Z] >>> [apiv2][(partial)header] POST https://serviceusage.googleapis.com/v1/projects/moveeduca-org/services/storage.googleapis.com:enable x-goog-quota-user=projects/moveeduca-org
[debug] [2023-10-16T07:04:37.989Z] <<< [apiv2][status] GET https://serviceusage.googleapis.com/v1/projects/moveeduca-org/services/eventarc.googleapis.com 200
[debug] [2023-10-16T07:04:37.989Z] <<< [apiv2][body] GET https://serviceusage.googleapis.com/v1/projects/moveeduca-org/services/eventarc.googleapis.com [omitted]
[warn] ⚠  functions: missing required API eventarc.googleapis.com. Enabling now... 
[debug] [2023-10-16T07:04:37.990Z] >>> [apiv2][query] POST https://serviceusage.googleapis.com/v1/projects/moveeduca-org/services/eventarc.googleapis.com:enable [none]
[debug] [2023-10-16T07:04:37.990Z] >>> [apiv2][(partial)header] POST https://serviceusage.googleapis.com/v1/projects/moveeduca-org/services/eventarc.googleapis.com:enable x-goog-quota-user=projects/moveeduca-org
[debug] [2023-10-16T07:04:37.993Z] <<< [apiv2][status] GET https://serviceusage.googleapis.com/v1/projects/moveeduca-org/services/run.googleapis.com 200
[debug] [2023-10-16T07:04:37.994Z] <<< [apiv2][body] GET https://serviceusage.googleapis.com/v1/projects/moveeduca-org/services/run.googleapis.com [omitted]
[warn] ⚠  functions: missing required API run.googleapis.com. Enabling now... 
[debug] [2023-10-16T07:04:37.994Z] >>> [apiv2][query] POST https://serviceusage.googleapis.com/v1/projects/moveeduca-org/services/run.googleapis.com:enable [none]
[debug] [2023-10-16T07:04:37.994Z] >>> [apiv2][(partial)header] POST https://serviceusage.googleapis.com/v1/projects/moveeduca-org/services/run.googleapis.com:enable x-goog-quota-user=projects/moveeduca-org
[debug] [2023-10-16T07:04:40.219Z] <<< [apiv2][status] POST https://serviceusage.googleapis.com/v1/projects/moveeduca-org/services/storage.googleapis.com:enable 200
[debug] [2023-10-16T07:04:40.220Z] <<< [apiv2][body] POST https://serviceusage.googleapis.com/v1/projects/moveeduca-org/services/storage.googleapis.com:enable [omitted]
[debug] [2023-10-16T07:04:40.222Z] <<< [apiv2][status] POST https://serviceusage.googleapis.com/v1/projects/moveeduca-org/services/run.googleapis.com:enable 200
[debug] [2023-10-16T07:04:40.222Z] <<< [apiv2][body] POST https://serviceusage.googleapis.com/v1/projects/moveeduca-org/services/run.googleapis.com:enable [omitted]
[debug] [2023-10-16T07:04:40.418Z] <<< [apiv2][status] POST https://serviceusage.googleapis.com/v1/projects/moveeduca-org/services/eventarc.googleapis.com:enable 200
[debug] [2023-10-16T07:04:40.418Z] <<< [apiv2][body] POST https://serviceusage.googleapis.com/v1/projects/moveeduca-org/services/eventarc.googleapis.com:enable [omitted]
[debug] [2023-10-16T07:04:50.227Z] >>> [apiv2][query] GET https://serviceusage.googleapis.com/v1/projects/moveeduca-org/services/storage.googleapis.com [none]
[debug] [2023-10-16T07:04:50.228Z] >>> [apiv2][(partial)header] GET https://serviceusage.googleapis.com/v1/projects/moveeduca-org/services/storage.googleapis.com x-goog-quota-user=projects/moveeduca-org
[debug] [2023-10-16T07:04:50.234Z] >>> [apiv2][query] GET https://serviceusage.googleapis.com/v1/projects/moveeduca-org/services/run.googleapis.com [none]
[debug] [2023-10-16T07:04:50.234Z] >>> [apiv2][(partial)header] GET https://serviceusage.googleapis.com/v1/projects/moveeduca-org/services/run.googleapis.com x-goog-quota-user=projects/moveeduca-org
[debug] [2023-10-16T07:04:50.421Z] >>> [apiv2][query] GET https://serviceusage.googleapis.com/v1/projects/moveeduca-org/services/eventarc.googleapis.com [none]
[debug] [2023-10-16T07:04:50.421Z] >>> [apiv2][(partial)header] GET https://serviceusage.googleapis.com/v1/projects/moveeduca-org/services/eventarc.googleapis.com x-goog-quota-user=projects/moveeduca-org
[debug] [2023-10-16T07:04:51.427Z] <<< [apiv2][status] GET https://serviceusage.googleapis.com/v1/projects/moveeduca-org/services/run.googleapis.com 200
[debug] [2023-10-16T07:04:51.428Z] <<< [apiv2][body] GET https://serviceusage.googleapis.com/v1/projects/moveeduca-org/services/run.googleapis.com [omitted]
[info] ✔  functions: required API run.googleapis.com is enabled 
[debug] [2023-10-16T07:04:51.532Z] <<< [apiv2][status] GET https://serviceusage.googleapis.com/v1/projects/moveeduca-org/services/eventarc.googleapis.com 200
[debug] [2023-10-16T07:04:51.533Z] <<< [apiv2][body] GET https://serviceusage.googleapis.com/v1/projects/moveeduca-org/services/eventarc.googleapis.com [omitted]
[info] ✔  functions: required API eventarc.googleapis.com is enabled 
[debug] [2023-10-16T07:04:56.322Z] <<< [apiv2][status] GET https://serviceusage.googleapis.com/v1/projects/moveeduca-org/services/storage.googleapis.com 200
[debug] [2023-10-16T07:04:56.323Z] <<< [apiv2][body] GET https://serviceusage.googleapis.com/v1/projects/moveeduca-org/services/storage.googleapis.com [omitted]
[info] ✔  functions: required API storage.googleapis.com is enabled 
[info] i  functions: generating the service identity for pubsub.googleapis.com... 
[info] i  functions: generating the service identity for eventarc.googleapis.com... 
[debug] [2023-10-16T07:04:56.328Z] >>> [apiv2][query] POST https://serviceusage.googleapis.com/v1beta1/projects/418970321616/services/pubsub.googleapis.com:generateServiceIdentity [none]
[debug] [2023-10-16T07:04:56.330Z] >>> [apiv2][query] POST https://serviceusage.googleapis.com/v1beta1/projects/418970321616/services/eventarc.googleapis.com:generateServiceIdentity [none]
[debug] [2023-10-16T07:04:57.588Z] <<< [apiv2][status] POST https://serviceusage.googleapis.com/v1beta1/projects/418970321616/services/pubsub.googleapis.com:generateServiceIdentity 200
[debug] [2023-10-16T07:04:57.589Z] <<< [apiv2][body] POST https://serviceusage.googleapis.com/v1beta1/projects/418970321616/services/pubsub.googleapis.com:generateServiceIdentity {"name":"operations/finished.DONE_OPERATION","done":true,"response":{"@type":"type.googleapis.com/google.api.serviceusage.v1beta1.ServiceIdentity","email":"service-418970321616@gcp-sa-pubsub.iam.gserviceaccount.com","uniqueId":"112262271244522567572"}}
[debug] [2023-10-16T07:04:58.027Z] <<< [apiv2][status] POST https://serviceusage.googleapis.com/v1beta1/projects/418970321616/services/eventarc.googleapis.com:generateServiceIdentity 200
[debug] [2023-10-16T07:04:58.027Z] <<< [apiv2][body] POST https://serviceusage.googleapis.com/v1beta1/projects/418970321616/services/eventarc.googleapis.com:generateServiceIdentity {"name":"operations/finished.DONE_OPERATION","done":true,"response":{"@type":"type.googleapis.com/google.api.serviceusage.v1beta1.ServiceIdentity","email":"service-418970321616@gcp-sa-eventarc.iam.gserviceaccount.com","uniqueId":"105793732520566736002"}}
[debug] [2023-10-16T07:04:58.029Z] >>> [apiv2][query] GET https://firebase.googleapis.com/v1beta1/projects/moveeduca-org [none]
[debug] [2023-10-16T07:04:58.545Z] <<< [apiv2][status] GET https://firebase.googleapis.com/v1beta1/projects/moveeduca-org 200
[debug] [2023-10-16T07:04:58.546Z] <<< [apiv2][body] GET https://firebase.googleapis.com/v1beta1/projects/moveeduca-org {"projectId":"moveeduca-org","projectNumber":"418970321616","displayName":"moveeduca","name":"projects/moveeduca-org","resources":{"hostingSite":"moveeduca-org","realtimeDatabaseInstance":"moveeduca-org"},"state":"ACTIVE","etag":"1_58e6f4fc-4277-4fba-afe9-6db96ab28315"}
[debug] [2023-10-16T07:04:58.551Z] [functions] found 2 new HTTP functions, testing setIamPolicy permission...
[debug] [2023-10-16T07:04:58.553Z] >>> [apiv2][query] POST https://cloudresourcemanager.googleapis.com/v1/projects/moveeduca-org:testIamPermissions [none]
[debug] [2023-10-16T07:04:58.553Z] >>> [apiv2][(partial)header] POST https://cloudresourcemanager.googleapis.com/v1/projects/moveeduca-org:testIamPermissions x-goog-quota-user=projects/moveeduca-org
[debug] [2023-10-16T07:04:58.554Z] >>> [apiv2][body] POST https://cloudresourcemanager.googleapis.com/v1/projects/moveeduca-org:testIamPermissions {"permissions":["cloudfunctions.functions.setIamPolicy"]}
[debug] [2023-10-16T07:04:59.566Z] <<< [apiv2][status] POST https://cloudresourcemanager.googleapis.com/v1/projects/moveeduca-org:testIamPermissions 200
[debug] [2023-10-16T07:04:59.567Z] <<< [apiv2][body] POST https://cloudresourcemanager.googleapis.com/v1/projects/moveeduca-org:testIamPermissions {"permissions":["cloudfunctions.functions.setIamPolicy"]}
[debug] [2023-10-16T07:04:59.567Z] [functions] found setIamPolicy permission, proceeding with deploy
[debug] [2023-10-16T07:04:59.571Z] >>> [apiv2][query] POST https://cloudfunctions.googleapis.com/v1/projects/moveeduca-org/locations/us-central1/functions:generateUploadUrl [none]
[debug] [2023-10-16T07:04:59.572Z] >>> [apiv2][body] POST https://cloudfunctions.googleapis.com/v1/projects/moveeduca-org/locations/us-central1/functions:generateUploadUrl {}
[debug] [2023-10-16T07:04:59.577Z] >>> [apiv2][query] POST https://cloudfunctions.googleapis.com/v2/projects/moveeduca-org/locations/us-central1/functions:generateUploadUrl [none]
[debug] [2023-10-16T07:05:01.821Z] <<< [apiv2][status] POST https://cloudfunctions.googleapis.com/v2/projects/moveeduca-org/locations/us-central1/functions:generateUploadUrl 200
[debug] [2023-10-16T07:05:01.821Z] <<< [apiv2][body] POST https://cloudfunctions.googleapis.com/v2/projects/moveeduca-org/locations/us-central1/functions:generateUploadUrl {"uploadUrl":"https://storage.googleapis.com/gcf-v2-uploads-418970321616-us-central1/991e0935-8fe7-4ba4-97a5-4ffe3ec9ad56.zip?GoogleAccessId=service-418970321616@gcf-admin-robot.iam.gserviceaccount.com&Expires=1697441701&Signature=STVKcgfO8ElS5k9d2mCOOnboQ%2ByqmVrT64A%2B3UuaosVlIMqjaEoHV1OY60QxrwjmxUF%2BNJb66K%2BMUE3Nh6vOo%2FCqL8%2Fp22B45pecMrzY%2FHzTfKSPNAsH72ZeO%2BCxr7T7Pq741w6vqfo%2FZLJ7RJkCfdu9laj4q2T%2BWwvndg%2BXoDlUtZu%2Fo2i8v82Q7%2Fb2fajDbZRzddIuiL06ILWJoVZjrn05HAzBeL3EV%2FohOFnFfKPbJyNemUeZxoloihFm9VD1DdVV%2BI%2BlTutK6gYIQTzBW2EiVTEyjpo9Serrpq3vT2H%2BLvL9fUJJSUnYuACInxcu3eerqVu9gNTrmbzfgXZ2%2Bg%3D%3D","storageSource":{"bucket":"gcf-v2-uploads-418970321616-us-central1","object":"991e0935-8fe7-4ba4-97a5-4ffe3ec9ad56.zip"}}
[debug] [2023-10-16T07:05:01.826Z] >>> [apiv2][query] PUT https://storage.googleapis.com/gcf-v2-uploads-418970321616-us-central1/991e0935-8fe7-4ba4-97a5-4ffe3ec9ad56.zip GoogleAccessId=service-418970321616%40gcf-admin-robot.iam.gserviceaccount.com&Expires=1697441701&Signature=STVKcgfO8ElS5k9d2mCOOnboQ%2ByqmVrT64A%2B3UuaosVlIMqjaEoHV1OY60QxrwjmxUF%2BNJb66K%2BMUE3Nh6vOo%2FCqL8%2Fp22B45pecMrzY%2FHzTfKSPNAsH72ZeO%2BCxr7T7Pq741w6vqfo%2FZLJ7RJkCfdu9laj4q2T%2BWwvndg%2BXoDlUtZu%2Fo2i8v82Q7%2Fb2fajDbZRzddIuiL06ILWJoVZjrn05HAzBeL3EV%2FohOFnFfKPbJyNemUeZxoloihFm9VD1DdVV%2BI%2BlTutK6gYIQTzBW2EiVTEyjpo9Serrpq3vT2H%2BLvL9fUJJSUnYuACInxcu3eerqVu9gNTrmbzfgXZ2%2Bg%3D%3D
[debug] [2023-10-16T07:05:01.826Z] >>> [apiv2][body] PUT https://storage.googleapis.com/gcf-v2-uploads-418970321616-us-central1/991e0935-8fe7-4ba4-97a5-4ffe3ec9ad56.zip [stream]
[debug] [2023-10-16T07:05:03.353Z] <<< [apiv2][status] PUT https://storage.googleapis.com/gcf-v2-uploads-418970321616-us-central1/991e0935-8fe7-4ba4-97a5-4ffe3ec9ad56.zip 200
[debug] [2023-10-16T07:05:03.354Z] <<< [apiv2][body] PUT https://storage.googleapis.com/gcf-v2-uploads-418970321616-us-central1/991e0935-8fe7-4ba4-97a5-4ffe3ec9ad56.zip [omitted]
[debug] [2023-10-16T07:05:08.782Z] <<< [apiv2][status] POST https://cloudfunctions.googleapis.com/v1/projects/moveeduca-org/locations/us-central1/functions:generateUploadUrl 200
[debug] [2023-10-16T07:05:08.783Z] <<< [apiv2][body] POST https://cloudfunctions.googleapis.com/v1/projects/moveeduca-org/locations/us-central1/functions:generateUploadUrl {"uploadUrl":"https://storage.googleapis.com/uploads-580467748812.us-central1.cloudfunctions.appspot.com/b3478190-f3b4-44de-8ab7-f91eb703d380.zip?GoogleAccessId=service-418970321616@gcf-admin-robot.iam.gserviceaccount.com&Expires=1697441708&Signature=Kgyd5S99McGKg7idVdwnndZtNybxOjgcVPM2G%2FkamJ8E37%2FrzTfbGdbohFeDdUiFBxaJyiVJERBlHY0TIUGQyoQrfSj6cRa1gyufL18TFr7Q47aw93MDbYaziyHqIePDVHgo6%2BmotHJR5Yva9RqZtfBcQkHb8Vm6%2BylPPhamZ74meR9xfgRds4QDYi3KU1dqar6lCacchlHtoEO8Pl1hyq6Nwu49pBsrr0x6C9XCCcMS5zGM%2BYLQZUubwijwsMCtMjGsvb%2FwODuxrScMEqSKtoQFe7rzjVI8D178QT4HAiYHHaXuSIIYWY%2BZJn9NWdSEP2QEauKzkmnZBEvQhfJ%2FLw%3D%3D"}
[debug] [2023-10-16T07:05:08.785Z] >>> [apiv2][query] PUT https://storage.googleapis.com/uploads-580467748812.us-central1.cloudfunctions.appspot.com/b3478190-f3b4-44de-8ab7-f91eb703d380.zip GoogleAccessId=service-418970321616%40gcf-admin-robot.iam.gserviceaccount.com&Expires=1697441708&Signature=Kgyd5S99McGKg7idVdwnndZtNybxOjgcVPM2G%2FkamJ8E37%2FrzTfbGdbohFeDdUiFBxaJyiVJERBlHY0TIUGQyoQrfSj6cRa1gyufL18TFr7Q47aw93MDbYaziyHqIePDVHgo6%2BmotHJR5Yva9RqZtfBcQkHb8Vm6%2BylPPhamZ74meR9xfgRds4QDYi3KU1dqar6lCacchlHtoEO8Pl1hyq6Nwu49pBsrr0x6C9XCCcMS5zGM%2BYLQZUubwijwsMCtMjGsvb%2FwODuxrScMEqSKtoQFe7rzjVI8D178QT4HAiYHHaXuSIIYWY%2BZJn9NWdSEP2QEauKzkmnZBEvQhfJ%2FLw%3D%3D
[debug] [2023-10-16T07:05:08.785Z] >>> [apiv2][body] PUT https://storage.googleapis.com/uploads-580467748812.us-central1.cloudfunctions.appspot.com/b3478190-f3b4-44de-8ab7-f91eb703d380.zip [stream]
[debug] [2023-10-16T07:05:10.418Z] <<< [apiv2][status] PUT https://storage.googleapis.com/uploads-580467748812.us-central1.cloudfunctions.appspot.com/b3478190-f3b4-44de-8ab7-f91eb703d380.zip 200
[debug] [2023-10-16T07:05:10.419Z] <<< [apiv2][body] PUT https://storage.googleapis.com/uploads-580467748812.us-central1.cloudfunctions.appspot.com/b3478190-f3b4-44de-8ab7-f91eb703d380.zip [omitted]
[info] ✔  functions: functions folder uploaded successfully 
[info] i  functions: creating Node.js 18 (2nd Gen) function helloWorld(us-central1)... 
[info] i  functions: creating Node.js 18 (1st Gen) function sendEmail(us-central1)... 
[debug] [2023-10-16T07:05:10.446Z] >>> [apiv2][query] POST https://cloudfunctions.googleapis.com/v2/projects/moveeduca-org/locations/us-central1/functions functionId=helloWorld
[debug] [2023-10-16T07:05:10.447Z] >>> [apiv2][body] POST https://cloudfunctions.googleapis.com/v2/projects/moveeduca-org/locations/us-central1/functions {"name":"projects/moveeduca-org/locations/us-central1/functions/helloWorld","buildConfig":{"runtime":"nodejs18","entryPoint":"helloWorld","source":{"storageSource":{"bucket":"gcf-v2-uploads-418970321616-us-central1","object":"991e0935-8fe7-4ba4-97a5-4ffe3ec9ad56.zip"}},"environmentVariables":{"GOOGLE_NODE_RUN_SCRIPTS":""}},"serviceConfig":{"environmentVariables":{"FIREBASE_CONFIG":"{\"projectId\":\"moveeduca-org\",\"databaseURL\":\"https://moveeduca-org.firebaseio.com\",\"storageBucket\":\"moveeduca-org.appspot.com\"}","GCLOUD_PROJECT":"moveeduca-org","EVENTARC_CLOUD_EVENT_SOURCE":"projects/moveeduca-org/locations/us-central1/services/helloWorld","FUNCTION_TARGET":"helloWorld"},"ingressSettings":null,"timeoutSeconds":null,"serviceAccountEmail":null,"availableMemory":"256Mi","minInstanceCount":null,"maxInstanceCount":null,"maxInstanceRequestConcurrency":80,"availableCpu":"1","vpcConnector":null,"vpcConnectorEgressSettings":null},"labels":{"deployment-tool":"cli-firebase","firebase-functions-hash":"8de28ce0e2f2dcf617044af3c701211c17801c55"}}
[debug] [2023-10-16T07:05:10.451Z] >>> [apiv2][query] POST https://cloudfunctions.googleapis.com/v1/projects/moveeduca-org/locations/us-central1/functions [none]
[debug] [2023-10-16T07:05:10.451Z] >>> [apiv2][body] POST https://cloudfunctions.googleapis.com/v1/projects/moveeduca-org/locations/us-central1/functions {"name":"projects/moveeduca-org/locations/us-central1/functions/sendEmail","sourceUploadUrl":"https://storage.googleapis.com/uploads-580467748812.us-central1.cloudfunctions.appspot.com/b3478190-f3b4-44de-8ab7-f91eb703d380.zip?GoogleAccessId=service-418970321616@gcf-admin-robot.iam.gserviceaccount.com&Expires=1697441708&Signature=Kgyd5S99McGKg7idVdwnndZtNybxOjgcVPM2G%2FkamJ8E37%2FrzTfbGdbohFeDdUiFBxaJyiVJERBlHY0TIUGQyoQrfSj6cRa1gyufL18TFr7Q47aw93MDbYaziyHqIePDVHgo6%2BmotHJR5Yva9RqZtfBcQkHb8Vm6%2BylPPhamZ74meR9xfgRds4QDYi3KU1dqar6lCacchlHtoEO8Pl1hyq6Nwu49pBsrr0x6C9XCCcMS5zGM%2BYLQZUubwijwsMCtMjGsvb%2FwODuxrScMEqSKtoQFe7rzjVI8D178QT4HAiYHHaXuSIIYWY%2BZJn9NWdSEP2QEauKzkmnZBEvQhfJ%2FLw%3D%3D","entryPoint":"sendEmail","runtime":"nodejs18","dockerRegistry":"ARTIFACT_REGISTRY","labels":{"deployment-tool":"cli-firebase","firebase-functions-hash":"a9001a2b7c3600bad38a3913b8932e7149ac22d3"},"httpsTrigger":{"securityLevel":"SECURE_ALWAYS"},"minInstances":null,"maxInstances":null,"ingressSettings":null,"environmentVariables":{"FIREBASE_CONFIG":"{\"projectId\":\"moveeduca-org\",\"databaseURL\":\"https://moveeduca-org.firebaseio.com\",\"storageBucket\":\"moveeduca-org.appspot.com\"}","GCLOUD_PROJECT":"moveeduca-org","EVENTARC_CLOUD_EVENT_SOURCE":"projects/moveeduca-org/locations/us-central1/functions/sendEmail"},"serviceAccountEmail":null,"availableMemoryMb":null,"timeout":null,"vpcConnector":null,"vpcConnectorEgressSettings":null,"buildEnvironmentVariables":{"GOOGLE_NODE_RUN_SCRIPTS":""}}
[debug] [2023-10-16T07:05:11.651Z] <<< [apiv2][status] POST https://cloudfunctions.googleapis.com/v1/projects/moveeduca-org/locations/us-central1/functions 200
[debug] [2023-10-16T07:05:11.652Z] <<< [apiv2][body] POST https://cloudfunctions.googleapis.com/v1/projects/moveeduca-org/locations/us-central1/functions {"name":"operations/bW92ZWVkdWNhLW9yZy91cy1jZW50cmFsMS9zZW5kRW1haWwvSDFKSFlTM2RjZ2s","metadata":{"@type":"type.googleapis.com/google.cloud.functions.v1.OperationMetadataV1","target":"projects/moveeduca-org/locations/us-central1/functions/sendEmail","type":"CREATE_FUNCTION","request":{"@type":"type.googleapis.com/google.cloud.functions.v1.CloudFunction","name":"projects/moveeduca-org/locations/us-central1/functions/sendEmail","httpsTrigger":{"securityLevel":"SECURE_ALWAYS"},"entryPoint":"sendEmail","labels":{"deployment-tool":"cli-firebase","firebase-functions-hash":"a9001a2b7c3600bad38a3913b8932e7149ac22d3"},"sourceUploadUrl":"https://storage.googleapis.com/uploads-580467748812.us-central1.cloudfunctions.appspot.com/b3478190-f3b4-44de-8ab7-f91eb703d380.zip?GoogleAccessId=service-418970321616@gcf-admin-robot.iam.gserviceaccount.com&Expires=1697441708&Signature=Kgyd5S99McGKg7idVdwnndZtNybxOjgcVPM2G%2FkamJ8E37%2FrzTfbGdbohFeDdUiFBxaJyiVJERBlHY0TIUGQyoQrfSj6cRa1gyufL18TFr7Q47aw93MDbYaziyHqIePDVHgo6%2BmotHJR5Yva9RqZtfBcQkHb8Vm6%2BylPPhamZ74meR9xfgRds4QDYi3KU1dqar6lCacchlHtoEO8Pl1hyq6Nwu49pBsrr0x6C9XCCcMS5zGM%2BYLQZUubwijwsMCtMjGsvb%2FwODuxrScMEqSKtoQFe7rzjVI8D178QT4HAiYHHaXuSIIYWY%2BZJn9NWdSEP2QEauKzkmnZBEvQhfJ%2FLw%3D%3D","environmentVariables":{"FIREBASE_CONFIG":"{\"projectId\":\"moveeduca-org\",\"databaseURL\":\"https://moveeduca-org.firebaseio.com\",\"storageBucket\":\"moveeduca-org.appspot.com\"}","GCLOUD_PROJECT":"moveeduca-org","EVENTARC_CLOUD_EVENT_SOURCE":"projects/moveeduca-org/locations/us-central1/functions/sendEmail"},"runtime":"nodejs18","buildEnvironmentVariables":{"GOOGLE_NODE_RUN_SCRIPTS":""},"dockerRegistry":"ARTIFACT_REGISTRY"},"versionId":"1","updateTime":"2023-10-16T07:05:11Z"}}
[debug] [2023-10-16T07:05:11.656Z] >>> [apiv2][query] GET https://cloudfunctions.googleapis.com/v1/operations/bW92ZWVkdWNhLW9yZy91cy1jZW50cmFsMS9zZW5kRW1haWwvSDFKSFlTM2RjZ2s [none]
[debug] [2023-10-16T07:05:12.479Z] <<< [apiv2][status] GET https://cloudfunctions.googleapis.com/v1/operations/bW92ZWVkdWNhLW9yZy91cy1jZW50cmFsMS9zZW5kRW1haWwvSDFKSFlTM2RjZ2s 200
[debug] [2023-10-16T07:05:12.481Z] <<< [apiv2][body] GET https://cloudfunctions.googleapis.com/v1/operations/bW92ZWVkdWNhLW9yZy91cy1jZW50cmFsMS9zZW5kRW1haWwvSDFKSFlTM2RjZ2s {"name":"operations/bW92ZWVkdWNhLW9yZy91cy1jZW50cmFsMS9zZW5kRW1haWwvSDFKSFlTM2RjZ2s","metadata":{"@type":"type.googleapis.com/google.cloud.functions.v1.OperationMetadataV1","target":"projects/moveeduca-org/locations/us-central1/functions/sendEmail","type":"CREATE_FUNCTION","request":{"@type":"type.googleapis.com/google.cloud.functions.v1.CloudFunction","name":"projects/moveeduca-org/locations/us-central1/functions/sendEmail","httpsTrigger":{"securityLevel":"SECURE_ALWAYS"},"entryPoint":"sendEmail","labels":{"deployment-tool":"cli-firebase","firebase-functions-hash":"a9001a2b7c3600bad38a3913b8932e7149ac22d3"},"sourceUploadUrl":"https://storage.googleapis.com/uploads-580467748812.us-central1.cloudfunctions.appspot.com/b3478190-f3b4-44de-8ab7-f91eb703d380.zip?GoogleAccessId=service-418970321616@gcf-admin-robot.iam.gserviceaccount.com&Expires=1697441708&Signature=Kgyd5S99McGKg7idVdwnndZtNybxOjgcVPM2G%2FkamJ8E37%2FrzTfbGdbohFeDdUiFBxaJyiVJERBlHY0TIUGQyoQrfSj6cRa1gyufL18TFr7Q47aw93MDbYaziyHqIePDVHgo6%2BmotHJR5Yva9RqZtfBcQkHb8Vm6%2BylPPhamZ74meR9xfgRds4QDYi3KU1dqar6lCacchlHtoEO8Pl1hyq6Nwu49pBsrr0x6C9XCCcMS5zGM%2BYLQZUubwijwsMCtMjGsvb%2FwODuxrScMEqSKtoQFe7rzjVI8D178QT4HAiYHHaXuSIIYWY%2BZJn9NWdSEP2QEauKzkmnZBEvQhfJ%2FLw%3D%3D","environmentVariables":{"FIREBASE_CONFIG":"{\"projectId\":\"moveeduca-org\",\"databaseURL\":\"https://moveeduca-org.firebaseio.com\",\"storageBucket\":\"moveeduca-org.appspot.com\"}","GCLOUD_PROJECT":"moveeduca-org","EVENTARC_CLOUD_EVENT_SOURCE":"projects/moveeduca-org/locations/us-central1/functions/sendEmail"},"runtime":"nodejs18","buildEnvironmentVariables":{"GOOGLE_NODE_RUN_SCRIPTS":""},"dockerRegistry":"ARTIFACT_REGISTRY"},"versionId":"1","updateTime":"2023-10-16T07:05:11Z"}}
[debug] [2023-10-16T07:05:12.485Z] <<< [apiv2][status] POST https://cloudfunctions.googleapis.com/v2/projects/moveeduca-org/locations/us-central1/functions 400
[debug] [2023-10-16T07:05:12.486Z] <<< [apiv2][body] POST https://cloudfunctions.googleapis.com/v2/projects/moveeduca-org/locations/us-central1/functions {"error":{"code":400,"message":"Could not create Cloud Run service helloworld. spec.template.spec.containers.resources.limits.cpu: Invalid value specified for cpu. For the specified value, maxScale may not exceed 10.\nConsider running your workload in a region with greater capacity, decreasing your requested cpu-per-instance, or requesting an increase in quota for this region if you are seeing sustained usage near this limit, see https://cloud.google.com/run/quotas. Your project may gain access to further scaling by adding billing information to your account.","status":"INVALID_ARGUMENT"}}
[warn] ⚠  functions: Your current project quotas don't allow for the current max instances setting of 100. Either reduce this function's maximum instances, or request a quota increase on the underlying Cloud Run service at https://cloud.google.com/run/quotas. 
[warn] ⚠  functions: You can adjust the max instances value in your function's runtime options:
	setGlobalOptions({maxInstances: 10}) 
[error] Failed to create function projects/moveeduca-org/locations/us-central1/functions/helloWorld
[debug] [2023-10-16T07:05:12.983Z] [create-default-us-central1-sendEmail] Retrying task index 0
[debug] [2023-10-16T07:05:12.985Z] >>> [apiv2][query] GET https://cloudfunctions.googleapis.com/v1/operations/bW92ZWVkdWNhLW9yZy91cy1jZW50cmFsMS9zZW5kRW1haWwvSDFKSFlTM2RjZ2s [none]
[debug] [2023-10-16T07:05:13.899Z] <<< [apiv2][status] GET https://cloudfunctions.googleapis.com/v1/operations/bW92ZWVkdWNhLW9yZy91cy1jZW50cmFsMS9zZW5kRW1haWwvSDFKSFlTM2RjZ2s 200
[debug] [2023-10-16T07:05:13.900Z] <<< [apiv2][body] GET https://cloudfunctions.googleapis.com/v1/operations/bW92ZWVkdWNhLW9yZy91cy1jZW50cmFsMS9zZW5kRW1haWwvSDFKSFlTM2RjZ2s {"name":"operations/bW92ZWVkdWNhLW9yZy91cy1jZW50cmFsMS9zZW5kRW1haWwvSDFKSFlTM2RjZ2s","metadata":{"@type":"type.googleapis.com/google.cloud.functions.v1.OperationMetadataV1","target":"projects/moveeduca-org/locations/us-central1/functions/sendEmail","type":"CREATE_FUNCTION","request":{"@type":"type.googleapis.com/google.cloud.functions.v1.CloudFunction","name":"projects/moveeduca-org/locations/us-central1/functions/sendEmail","httpsTrigger":{"securityLevel":"SECURE_ALWAYS"},"entryPoint":"sendEmail","labels":{"deployment-tool":"cli-firebase","firebase-functions-hash":"a9001a2b7c3600bad38a3913b8932e7149ac22d3"},"sourceUploadUrl":"https://storage.googleapis.com/uploads-580467748812.us-central1.cloudfunctions.appspot.com/b3478190-f3b4-44de-8ab7-f91eb703d380.zip?GoogleAccessId=service-418970321616@gcf-admin-robot.iam.gserviceaccount.com&Expires=1697441708&Signature=Kgyd5S99McGKg7idVdwnndZtNybxOjgcVPM2G%2FkamJ8E37%2FrzTfbGdbohFeDdUiFBxaJyiVJERBlHY0TIUGQyoQrfSj6cRa1gyufL18TFr7Q47aw93MDbYaziyHqIePDVHgo6%2BmotHJR5Yva9RqZtfBcQkHb8Vm6%2BylPPhamZ74meR9xfgRds4QDYi3KU1dqar6lCacchlHtoEO8Pl1hyq6Nwu49pBsrr0x6C9XCCcMS5zGM%2BYLQZUubwijwsMCtMjGsvb%2FwODuxrScMEqSKtoQFe7rzjVI8D178QT4HAiYHHaXuSIIYWY%2BZJn9NWdSEP2QEauKzkmnZBEvQhfJ%2FLw%3D%3D","environmentVariables":{"FIREBASE_CONFIG":"{\"projectId\":\"moveeduca-org\",\"databaseURL\":\"https://moveeduca-org.firebaseio.com\",\"storageBucket\":\"moveeduca-org.appspot.com\"}","GCLOUD_PROJECT":"moveeduca-org","EVENTARC_CLOUD_EVENT_SOURCE":"projects/moveeduca-org/locations/us-central1/functions/sendEmail"},"runtime":"nodejs18","buildEnvironmentVariables":{"GOOGLE_NODE_RUN_SCRIPTS":""},"dockerRegistry":"ARTIFACT_REGISTRY"},"versionId":"1","updateTime":"2023-10-16T07:05:11Z"}}
[debug] [2023-10-16T07:05:14.902Z] [create-default-us-central1-sendEmail] Retrying task index 0
[debug] [2023-10-16T07:05:14.903Z] >>> [apiv2][query] GET https://cloudfunctions.googleapis.com/v1/operations/bW92ZWVkdWNhLW9yZy91cy1jZW50cmFsMS9zZW5kRW1haWwvSDFKSFlTM2RjZ2s [none]
[debug] [2023-10-16T07:05:15.746Z] <<< [apiv2][status] GET https://cloudfunctions.googleapis.com/v1/operations/bW92ZWVkdWNhLW9yZy91cy1jZW50cmFsMS9zZW5kRW1haWwvSDFKSFlTM2RjZ2s 200
[debug] [2023-10-16T07:05:15.746Z] <<< [apiv2][body] GET https://cloudfunctions.googleapis.com/v1/operations/bW92ZWVkdWNhLW9yZy91cy1jZW50cmFsMS9zZW5kRW1haWwvSDFKSFlTM2RjZ2s {"name":"operations/bW92ZWVkdWNhLW9yZy91cy1jZW50cmFsMS9zZW5kRW1haWwvSDFKSFlTM2RjZ2s","metadata":{"@type":"type.googleapis.com/google.cloud.functions.v1.OperationMetadataV1","target":"projects/moveeduca-org/locations/us-central1/functions/sendEmail","type":"CREATE_FUNCTION","request":{"@type":"type.googleapis.com/google.cloud.functions.v1.CloudFunction","name":"projects/moveeduca-org/locations/us-central1/functions/sendEmail","httpsTrigger":{"securityLevel":"SECURE_ALWAYS"},"entryPoint":"sendEmail","labels":{"deployment-tool":"cli-firebase","firebase-functions-hash":"a9001a2b7c3600bad38a3913b8932e7149ac22d3"},"sourceUploadUrl":"https://storage.googleapis.com/uploads-580467748812.us-central1.cloudfunctions.appspot.com/b3478190-f3b4-44de-8ab7-f91eb703d380.zip?GoogleAccessId=service-418970321616@gcf-admin-robot.iam.gserviceaccount.com&Expires=1697441708&Signature=Kgyd5S99McGKg7idVdwnndZtNybxOjgcVPM2G%2FkamJ8E37%2FrzTfbGdbohFeDdUiFBxaJyiVJERBlHY0TIUGQyoQrfSj6cRa1gyufL18TFr7Q47aw93MDbYaziyHqIePDVHgo6%2BmotHJR5Yva9RqZtfBcQkHb8Vm6%2BylPPhamZ74meR9xfgRds4QDYi3KU1dqar6lCacchlHtoEO8Pl1hyq6Nwu49pBsrr0x6C9XCCcMS5zGM%2BYLQZUubwijwsMCtMjGsvb%2FwODuxrScMEqSKtoQFe7rzjVI8D178QT4HAiYHHaXuSIIYWY%2BZJn9NWdSEP2QEauKzkmnZBEvQhfJ%2FLw%3D%3D","environmentVariables":{"FIREBASE_CONFIG":"{\"projectId\":\"moveeduca-org\",\"databaseURL\":\"https://moveeduca-org.firebaseio.com\",\"storageBucket\":\"moveeduca-org.appspot.com\"}","GCLOUD_PROJECT":"moveeduca-org","EVENTARC_CLOUD_EVENT_SOURCE":"projects/moveeduca-org/locations/us-central1/functions/sendEmail"},"runtime":"nodejs18","buildEnvironmentVariables":{"GOOGLE_NODE_RUN_SCRIPTS":""},"dockerRegistry":"ARTIFACT_REGISTRY"},"versionId":"1","updateTime":"2023-10-16T07:05:11Z"}}
[debug] [2023-10-16T07:05:17.749Z] [create-default-us-central1-sendEmail] Retrying task index 0
[debug] [2023-10-16T07:05:17.750Z] >>> [apiv2][query] GET https://cloudfunctions.googleapis.com/v1/operations/bW92ZWVkdWNhLW9yZy91cy1jZW50cmFsMS9zZW5kRW1haWwvSDFKSFlTM2RjZ2s [none]
[debug] [2023-10-16T07:05:18.514Z] <<< [apiv2][status] GET https://cloudfunctions.googleapis.com/v1/operations/bW92ZWVkdWNhLW9yZy91cy1jZW50cmFsMS9zZW5kRW1haWwvSDFKSFlTM2RjZ2s 200
[debug] [2023-10-16T07:05:18.515Z] <<< [apiv2][body] GET https://cloudfunctions.googleapis.com/v1/operations/bW92ZWVkdWNhLW9yZy91cy1jZW50cmFsMS9zZW5kRW1haWwvSDFKSFlTM2RjZ2s {"name":"operations/bW92ZWVkdWNhLW9yZy91cy1jZW50cmFsMS9zZW5kRW1haWwvSDFKSFlTM2RjZ2s","metadata":{"@type":"type.googleapis.com/google.cloud.functions.v1.OperationMetadataV1","target":"projects/moveeduca-org/locations/us-central1/functions/sendEmail","type":"CREATE_FUNCTION","request":{"@type":"type.googleapis.com/google.cloud.functions.v1.CloudFunction","name":"projects/moveeduca-org/locations/us-central1/functions/sendEmail","httpsTrigger":{"securityLevel":"SECURE_ALWAYS"},"entryPoint":"sendEmail","labels":{"deployment-tool":"cli-firebase","firebase-functions-hash":"a9001a2b7c3600bad38a3913b8932e7149ac22d3"},"sourceUploadUrl":"https://storage.googleapis.com/uploads-580467748812.us-central1.cloudfunctions.appspot.com/b3478190-f3b4-44de-8ab7-f91eb703d380.zip?GoogleAccessId=service-418970321616@gcf-admin-robot.iam.gserviceaccount.com&Expires=1697441708&Signature=Kgyd5S99McGKg7idVdwnndZtNybxOjgcVPM2G%2FkamJ8E37%2FrzTfbGdbohFeDdUiFBxaJyiVJERBlHY0TIUGQyoQrfSj6cRa1gyufL18TFr7Q47aw93MDbYaziyHqIePDVHgo6%2BmotHJR5Yva9RqZtfBcQkHb8Vm6%2BylPPhamZ74meR9xfgRds4QDYi3KU1dqar6lCacchlHtoEO8Pl1hyq6Nwu49pBsrr0x6C9XCCcMS5zGM%2BYLQZUubwijwsMCtMjGsvb%2FwODuxrScMEqSKtoQFe7rzjVI8D178QT4HAiYHHaXuSIIYWY%2BZJn9NWdSEP2QEauKzkmnZBEvQhfJ%2FLw%3D%3D","environmentVariables":{"FIREBASE_CONFIG":"{\"projectId\":\"moveeduca-org\",\"databaseURL\":\"https://moveeduca-org.firebaseio.com\",\"storageBucket\":\"moveeduca-org.appspot.com\"}","GCLOUD_PROJECT":"moveeduca-org","EVENTARC_CLOUD_EVENT_SOURCE":"projects/moveeduca-org/locations/us-central1/functions/sendEmail"},"runtime":"nodejs18","buildEnvironmentVariables":{"GOOGLE_NODE_RUN_SCRIPTS":""},"dockerRegistry":"ARTIFACT_REGISTRY"},"versionId":"1","updateTime":"2023-10-16T07:05:11Z"}}
[debug] [2023-10-16T07:05:22.516Z] [create-default-us-central1-sendEmail] Retrying task index 0
[debug] [2023-10-16T07:05:22.517Z] >>> [apiv2][query] GET https://cloudfunctions.googleapis.com/v1/operations/bW92ZWVkdWNhLW9yZy91cy1jZW50cmFsMS9zZW5kRW1haWwvSDFKSFlTM2RjZ2s [none]
[debug] [2023-10-16T07:05:23.233Z] <<< [apiv2][status] GET https://cloudfunctions.googleapis.com/v1/operations/bW92ZWVkdWNhLW9yZy91cy1jZW50cmFsMS9zZW5kRW1haWwvSDFKSFlTM2RjZ2s 200
[debug] [2023-10-16T07:05:23.234Z] <<< [apiv2][body] GET https://cloudfunctions.googleapis.com/v1/operations/bW92ZWVkdWNhLW9yZy91cy1jZW50cmFsMS9zZW5kRW1haWwvSDFKSFlTM2RjZ2s {"name":"operations/bW92ZWVkdWNhLW9yZy91cy1jZW50cmFsMS9zZW5kRW1haWwvSDFKSFlTM2RjZ2s","metadata":{"@type":"type.googleapis.com/google.cloud.functions.v1.OperationMetadataV1","target":"projects/moveeduca-org/locations/us-central1/functions/sendEmail","type":"CREATE_FUNCTION","request":{"@type":"type.googleapis.com/google.cloud.functions.v1.CloudFunction","name":"projects/moveeduca-org/locations/us-central1/functions/sendEmail","httpsTrigger":{"securityLevel":"SECURE_ALWAYS"},"entryPoint":"sendEmail","labels":{"deployment-tool":"cli-firebase","firebase-functions-hash":"a9001a2b7c3600bad38a3913b8932e7149ac22d3"},"sourceUploadUrl":"https://storage.googleapis.com/uploads-580467748812.us-central1.cloudfunctions.appspot.com/b3478190-f3b4-44de-8ab7-f91eb703d380.zip?GoogleAccessId=service-418970321616@gcf-admin-robot.iam.gserviceaccount.com&Expires=1697441708&Signature=Kgyd5S99McGKg7idVdwnndZtNybxOjgcVPM2G%2FkamJ8E37%2FrzTfbGdbohFeDdUiFBxaJyiVJERBlHY0TIUGQyoQrfSj6cRa1gyufL18TFr7Q47aw93MDbYaziyHqIePDVHgo6%2BmotHJR5Yva9RqZtfBcQkHb8Vm6%2BylPPhamZ74meR9xfgRds4QDYi3KU1dqar6lCacchlHtoEO8Pl1hyq6Nwu49pBsrr0x6C9XCCcMS5zGM%2BYLQZUubwijwsMCtMjGsvb%2FwODuxrScMEqSKtoQFe7rzjVI8D178QT4HAiYHHaXuSIIYWY%2BZJn9NWdSEP2QEauKzkmnZBEvQhfJ%2FLw%3D%3D","environmentVariables":{"FIREBASE_CONFIG":"{\"projectId\":\"moveeduca-org\",\"databaseURL\":\"https://moveeduca-org.firebaseio.com\",\"storageBucket\":\"moveeduca-org.appspot.com\"}","GCLOUD_PROJECT":"moveeduca-org","EVENTARC_CLOUD_EVENT_SOURCE":"projects/moveeduca-org/locations/us-central1/functions/sendEmail"},"runtime":"nodejs18","buildEnvironmentVariables":{"GOOGLE_NODE_RUN_SCRIPTS":""},"dockerRegistry":"ARTIFACT_REGISTRY"},"versionId":"1","updateTime":"2023-10-16T07:05:11Z"}}
[debug] [2023-10-16T07:05:31.240Z] [create-default-us-central1-sendEmail] Retrying task index 0
[debug] [2023-10-16T07:05:31.242Z] >>> [apiv2][query] GET https://cloudfunctions.googleapis.com/v1/operations/bW92ZWVkdWNhLW9yZy91cy1jZW50cmFsMS9zZW5kRW1haWwvSDFKSFlTM2RjZ2s [none]
[debug] [2023-10-16T07:05:32.028Z] <<< [apiv2][status] GET https://cloudfunctions.googleapis.com/v1/operations/bW92ZWVkdWNhLW9yZy91cy1jZW50cmFsMS9zZW5kRW1haWwvSDFKSFlTM2RjZ2s 200
[debug] [2023-10-16T07:05:32.029Z] <<< [apiv2][body] GET https://cloudfunctions.googleapis.com/v1/operations/bW92ZWVkdWNhLW9yZy91cy1jZW50cmFsMS9zZW5kRW1haWwvSDFKSFlTM2RjZ2s {"name":"operations/bW92ZWVkdWNhLW9yZy91cy1jZW50cmFsMS9zZW5kRW1haWwvSDFKSFlTM2RjZ2s","metadata":{"@type":"type.googleapis.com/google.cloud.functions.v1.OperationMetadataV1","target":"projects/moveeduca-org/locations/us-central1/functions/sendEmail","type":"CREATE_FUNCTION","request":{"@type":"type.googleapis.com/google.cloud.functions.v1.CloudFunction","name":"projects/moveeduca-org/locations/us-central1/functions/sendEmail","httpsTrigger":{"securityLevel":"SECURE_ALWAYS"},"entryPoint":"sendEmail","labels":{"deployment-tool":"cli-firebase","firebase-functions-hash":"a9001a2b7c3600bad38a3913b8932e7149ac22d3"},"sourceUploadUrl":"https://storage.googleapis.com/uploads-580467748812.us-central1.cloudfunctions.appspot.com/b3478190-f3b4-44de-8ab7-f91eb703d380.zip?GoogleAccessId=service-418970321616@gcf-admin-robot.iam.gserviceaccount.com&Expires=1697441708&Signature=Kgyd5S99McGKg7idVdwnndZtNybxOjgcVPM2G%2FkamJ8E37%2FrzTfbGdbohFeDdUiFBxaJyiVJERBlHY0TIUGQyoQrfSj6cRa1gyufL18TFr7Q47aw93MDbYaziyHqIePDVHgo6%2BmotHJR5Yva9RqZtfBcQkHb8Vm6%2BylPPhamZ74meR9xfgRds4QDYi3KU1dqar6lCacchlHtoEO8Pl1hyq6Nwu49pBsrr0x6C9XCCcMS5zGM%2BYLQZUubwijwsMCtMjGsvb%2FwODuxrScMEqSKtoQFe7rzjVI8D178QT4HAiYHHaXuSIIYWY%2BZJn9NWdSEP2QEauKzkmnZBEvQhfJ%2FLw%3D%3D","environmentVariables":{"FIREBASE_CONFIG":"{\"projectId\":\"moveeduca-org\",\"databaseURL\":\"https://moveeduca-org.firebaseio.com\",\"storageBucket\":\"moveeduca-org.appspot.com\"}","GCLOUD_PROJECT":"moveeduca-org","EVENTARC_CLOUD_EVENT_SOURCE":"projects/moveeduca-org/locations/us-central1/functions/sendEmail"},"runtime":"nodejs18","buildEnvironmentVariables":{"GOOGLE_NODE_RUN_SCRIPTS":""},"dockerRegistry":"ARTIFACT_REGISTRY"},"versionId":"1","updateTime":"2023-10-16T07:05:11Z","buildId":"fc1268cd-8486-4357-b66e-03b3592da524","buildName":"projects/418970321616/locations/us-central1/builds/fc1268cd-8486-4357-b66e-03b3592da524"}}
[debug] [2023-10-16T07:05:42.036Z] [create-default-us-central1-sendEmail] Retrying task index 0
[debug] [2023-10-16T07:05:42.038Z] >>> [apiv2][query] GET https://cloudfunctions.googleapis.com/v1/operations/bW92ZWVkdWNhLW9yZy91cy1jZW50cmFsMS9zZW5kRW1haWwvSDFKSFlTM2RjZ2s [none]
[debug] [2023-10-16T07:05:42.781Z] <<< [apiv2][status] GET https://cloudfunctions.googleapis.com/v1/operations/bW92ZWVkdWNhLW9yZy91cy1jZW50cmFsMS9zZW5kRW1haWwvSDFKSFlTM2RjZ2s 200
[debug] [2023-10-16T07:05:42.782Z] <<< [apiv2][body] GET https://cloudfunctions.googleapis.com/v1/operations/bW92ZWVkdWNhLW9yZy91cy1jZW50cmFsMS9zZW5kRW1haWwvSDFKSFlTM2RjZ2s {"name":"operations/bW92ZWVkdWNhLW9yZy91cy1jZW50cmFsMS9zZW5kRW1haWwvSDFKSFlTM2RjZ2s","metadata":{"@type":"type.googleapis.com/google.cloud.functions.v1.OperationMetadataV1","target":"projects/moveeduca-org/locations/us-central1/functions/sendEmail","type":"CREATE_FUNCTION","request":{"@type":"type.googleapis.com/google.cloud.functions.v1.CloudFunction","name":"projects/moveeduca-org/locations/us-central1/functions/sendEmail","httpsTrigger":{"securityLevel":"SECURE_ALWAYS"},"entryPoint":"sendEmail","labels":{"deployment-tool":"cli-firebase","firebase-functions-hash":"a9001a2b7c3600bad38a3913b8932e7149ac22d3"},"sourceUploadUrl":"https://storage.googleapis.com/uploads-580467748812.us-central1.cloudfunctions.appspot.com/b3478190-f3b4-44de-8ab7-f91eb703d380.zip?GoogleAccessId=service-418970321616@gcf-admin-robot.iam.gserviceaccount.com&Expires=1697441708&Signature=Kgyd5S99McGKg7idVdwnndZtNybxOjgcVPM2G%2FkamJ8E37%2FrzTfbGdbohFeDdUiFBxaJyiVJERBlHY0TIUGQyoQrfSj6cRa1gyufL18TFr7Q47aw93MDbYaziyHqIePDVHgo6%2BmotHJR5Yva9RqZtfBcQkHb8Vm6%2BylPPhamZ74meR9xfgRds4QDYi3KU1dqar6lCacchlHtoEO8Pl1hyq6Nwu49pBsrr0x6C9XCCcMS5zGM%2BYLQZUubwijwsMCtMjGsvb%2FwODuxrScMEqSKtoQFe7rzjVI8D178QT4HAiYHHaXuSIIYWY%2BZJn9NWdSEP2QEauKzkmnZBEvQhfJ%2FLw%3D%3D","environmentVariables":{"FIREBASE_CONFIG":"{\"projectId\":\"moveeduca-org\",\"databaseURL\":\"https://moveeduca-org.firebaseio.com\",\"storageBucket\":\"moveeduca-org.appspot.com\"}","GCLOUD_PROJECT":"moveeduca-org","EVENTARC_CLOUD_EVENT_SOURCE":"projects/moveeduca-org/locations/us-central1/functions/sendEmail"},"runtime":"nodejs18","buildEnvironmentVariables":{"GOOGLE_NODE_RUN_SCRIPTS":""},"dockerRegistry":"ARTIFACT_REGISTRY"},"versionId":"1","updateTime":"2023-10-16T07:05:11Z","buildId":"fc1268cd-8486-4357-b66e-03b3592da524","buildName":"projects/418970321616/locations/us-central1/builds/fc1268cd-8486-4357-b66e-03b3592da524"}}
[debug] [2023-10-16T07:05:52.794Z] [create-default-us-central1-sendEmail] Retrying task index 0
[debug] [2023-10-16T07:05:52.795Z] >>> [apiv2][query] GET https://cloudfunctions.googleapis.com/v1/operations/bW92ZWVkdWNhLW9yZy91cy1jZW50cmFsMS9zZW5kRW1haWwvSDFKSFlTM2RjZ2s [none]
[debug] [2023-10-16T07:05:53.534Z] <<< [apiv2][status] GET https://cloudfunctions.googleapis.com/v1/operations/bW92ZWVkdWNhLW9yZy91cy1jZW50cmFsMS9zZW5kRW1haWwvSDFKSFlTM2RjZ2s 200
[debug] [2023-10-16T07:05:53.535Z] <<< [apiv2][body] GET https://cloudfunctions.googleapis.com/v1/operations/bW92ZWVkdWNhLW9yZy91cy1jZW50cmFsMS9zZW5kRW1haWwvSDFKSFlTM2RjZ2s {"name":"operations/bW92ZWVkdWNhLW9yZy91cy1jZW50cmFsMS9zZW5kRW1haWwvSDFKSFlTM2RjZ2s","metadata":{"@type":"type.googleapis.com/google.cloud.functions.v1.OperationMetadataV1","target":"projects/moveeduca-org/locations/us-central1/functions/sendEmail","type":"CREATE_FUNCTION","request":{"@type":"type.googleapis.com/google.cloud.functions.v1.CloudFunction","name":"projects/moveeduca-org/locations/us-central1/functions/sendEmail","httpsTrigger":{"securityLevel":"SECURE_ALWAYS"},"entryPoint":"sendEmail","labels":{"deployment-tool":"cli-firebase","firebase-functions-hash":"a9001a2b7c3600bad38a3913b8932e7149ac22d3"},"sourceUploadUrl":"https://storage.googleapis.com/uploads-580467748812.us-central1.cloudfunctions.appspot.com/b3478190-f3b4-44de-8ab7-f91eb703d380.zip?GoogleAccessId=service-418970321616@gcf-admin-robot.iam.gserviceaccount.com&Expires=1697441708&Signature=Kgyd5S99McGKg7idVdwnndZtNybxOjgcVPM2G%2FkamJ8E37%2FrzTfbGdbohFeDdUiFBxaJyiVJERBlHY0TIUGQyoQrfSj6cRa1gyufL18TFr7Q47aw93MDbYaziyHqIePDVHgo6%2BmotHJR5Yva9RqZtfBcQkHb8Vm6%2BylPPhamZ74meR9xfgRds4QDYi3KU1dqar6lCacchlHtoEO8Pl1hyq6Nwu49pBsrr0x6C9XCCcMS5zGM%2BYLQZUubwijwsMCtMjGsvb%2FwODuxrScMEqSKtoQFe7rzjVI8D178QT4HAiYHHaXuSIIYWY%2BZJn9NWdSEP2QEauKzkmnZBEvQhfJ%2FLw%3D%3D","environmentVariables":{"FIREBASE_CONFIG":"{\"projectId\":\"moveeduca-org\",\"databaseURL\":\"https://moveeduca-org.firebaseio.com\",\"storageBucket\":\"moveeduca-org.appspot.com\"}","GCLOUD_PROJECT":"moveeduca-org","EVENTARC_CLOUD_EVENT_SOURCE":"projects/moveeduca-org/locations/us-central1/functions/sendEmail"},"runtime":"nodejs18","buildEnvironmentVariables":{"GOOGLE_NODE_RUN_SCRIPTS":""},"dockerRegistry":"ARTIFACT_REGISTRY"},"versionId":"1","updateTime":"2023-10-16T07:05:11Z","buildId":"fc1268cd-8486-4357-b66e-03b3592da524","buildName":"projects/418970321616/locations/us-central1/builds/fc1268cd-8486-4357-b66e-03b3592da524"}}
[debug] [2023-10-16T07:06:03.542Z] [create-default-us-central1-sendEmail] Retrying task index 0
[debug] [2023-10-16T07:06:03.544Z] >>> [apiv2][query] GET https://cloudfunctions.googleapis.com/v1/operations/bW92ZWVkdWNhLW9yZy91cy1jZW50cmFsMS9zZW5kRW1haWwvSDFKSFlTM2RjZ2s [none]
[debug] [2023-10-16T07:06:04.491Z] <<< [apiv2][status] GET https://cloudfunctions.googleapis.com/v1/operations/bW92ZWVkdWNhLW9yZy91cy1jZW50cmFsMS9zZW5kRW1haWwvSDFKSFlTM2RjZ2s 200
[debug] [2023-10-16T07:06:04.492Z] <<< [apiv2][body] GET https://cloudfunctions.googleapis.com/v1/operations/bW92ZWVkdWNhLW9yZy91cy1jZW50cmFsMS9zZW5kRW1haWwvSDFKSFlTM2RjZ2s {"name":"operations/bW92ZWVkdWNhLW9yZy91cy1jZW50cmFsMS9zZW5kRW1haWwvSDFKSFlTM2RjZ2s","metadata":{"@type":"type.googleapis.com/google.cloud.functions.v1.OperationMetadataV1","target":"projects/moveeduca-org/locations/us-central1/functions/sendEmail","type":"CREATE_FUNCTION","request":{"@type":"type.googleapis.com/google.cloud.functions.v1.CloudFunction","name":"projects/moveeduca-org/locations/us-central1/functions/sendEmail","httpsTrigger":{"securityLevel":"SECURE_ALWAYS"},"entryPoint":"sendEmail","labels":{"deployment-tool":"cli-firebase","firebase-functions-hash":"a9001a2b7c3600bad38a3913b8932e7149ac22d3"},"sourceUploadUrl":"https://storage.googleapis.com/uploads-580467748812.us-central1.cloudfunctions.appspot.com/b3478190-f3b4-44de-8ab7-f91eb703d380.zip?GoogleAccessId=service-418970321616@gcf-admin-robot.iam.gserviceaccount.com&Expires=1697441708&Signature=Kgyd5S99McGKg7idVdwnndZtNybxOjgcVPM2G%2FkamJ8E37%2FrzTfbGdbohFeDdUiFBxaJyiVJERBlHY0TIUGQyoQrfSj6cRa1gyufL18TFr7Q47aw93MDbYaziyHqIePDVHgo6%2BmotHJR5Yva9RqZtfBcQkHb8Vm6%2BylPPhamZ74meR9xfgRds4QDYi3KU1dqar6lCacchlHtoEO8Pl1hyq6Nwu49pBsrr0x6C9XCCcMS5zGM%2BYLQZUubwijwsMCtMjGsvb%2FwODuxrScMEqSKtoQFe7rzjVI8D178QT4HAiYHHaXuSIIYWY%2BZJn9NWdSEP2QEauKzkmnZBEvQhfJ%2FLw%3D%3D","environmentVariables":{"FIREBASE_CONFIG":"{\"projectId\":\"moveeduca-org\",\"databaseURL\":\"https://moveeduca-org.firebaseio.com\",\"storageBucket\":\"moveeduca-org.appspot.com\"}","GCLOUD_PROJECT":"moveeduca-org","EVENTARC_CLOUD_EVENT_SOURCE":"projects/moveeduca-org/locations/us-central1/functions/sendEmail"},"runtime":"nodejs18","buildEnvironmentVariables":{"GOOGLE_NODE_RUN_SCRIPTS":""},"dockerRegistry":"ARTIFACT_REGISTRY"},"versionId":"1","updateTime":"2023-10-16T07:05:11Z","buildId":"fc1268cd-8486-4357-b66e-03b3592da524","buildName":"projects/418970321616/locations/us-central1/builds/fc1268cd-8486-4357-b66e-03b3592da524"}}
[debug] [2023-10-16T07:06:14.500Z] [create-default-us-central1-sendEmail] Retrying task index 0
[debug] [2023-10-16T07:06:14.501Z] >>> [apiv2][query] GET https://cloudfunctions.googleapis.com/v1/operations/bW92ZWVkdWNhLW9yZy91cy1jZW50cmFsMS9zZW5kRW1haWwvSDFKSFlTM2RjZ2s [none]
[debug] [2023-10-16T07:06:15.183Z] <<< [apiv2][status] GET https://cloudfunctions.googleapis.com/v1/operations/bW92ZWVkdWNhLW9yZy91cy1jZW50cmFsMS9zZW5kRW1haWwvSDFKSFlTM2RjZ2s 200
[debug] [2023-10-16T07:06:15.184Z] <<< [apiv2][body] GET https://cloudfunctions.googleapis.com/v1/operations/bW92ZWVkdWNhLW9yZy91cy1jZW50cmFsMS9zZW5kRW1haWwvSDFKSFlTM2RjZ2s {"name":"operations/bW92ZWVkdWNhLW9yZy91cy1jZW50cmFsMS9zZW5kRW1haWwvSDFKSFlTM2RjZ2s","metadata":{"@type":"type.googleapis.com/google.cloud.functions.v1.OperationMetadataV1","target":"projects/moveeduca-org/locations/us-central1/functions/sendEmail","type":"CREATE_FUNCTION","request":{"@type":"type.googleapis.com/google.cloud.functions.v1.CloudFunction","name":"projects/moveeduca-org/locations/us-central1/functions/sendEmail","httpsTrigger":{"securityLevel":"SECURE_ALWAYS"},"entryPoint":"sendEmail","labels":{"deployment-tool":"cli-firebase","firebase-functions-hash":"a9001a2b7c3600bad38a3913b8932e7149ac22d3"},"sourceUploadUrl":"https://storage.googleapis.com/uploads-580467748812.us-central1.cloudfunctions.appspot.com/b3478190-f3b4-44de-8ab7-f91eb703d380.zip?GoogleAccessId=service-418970321616@gcf-admin-robot.iam.gserviceaccount.com&Expires=1697441708&Signature=Kgyd5S99McGKg7idVdwnndZtNybxOjgcVPM2G%2FkamJ8E37%2FrzTfbGdbohFeDdUiFBxaJyiVJERBlHY0TIUGQyoQrfSj6cRa1gyufL18TFr7Q47aw93MDbYaziyHqIePDVHgo6%2BmotHJR5Yva9RqZtfBcQkHb8Vm6%2BylPPhamZ74meR9xfgRds4QDYi3KU1dqar6lCacchlHtoEO8Pl1hyq6Nwu49pBsrr0x6C9XCCcMS5zGM%2BYLQZUubwijwsMCtMjGsvb%2FwODuxrScMEqSKtoQFe7rzjVI8D178QT4HAiYHHaXuSIIYWY%2BZJn9NWdSEP2QEauKzkmnZBEvQhfJ%2FLw%3D%3D","environmentVariables":{"FIREBASE_CONFIG":"{\"projectId\":\"moveeduca-org\",\"databaseURL\":\"https://moveeduca-org.firebaseio.com\",\"storageBucket\":\"moveeduca-org.appspot.com\"}","GCLOUD_PROJECT":"moveeduca-org","EVENTARC_CLOUD_EVENT_SOURCE":"projects/moveeduca-org/locations/us-central1/functions/sendEmail"},"runtime":"nodejs18","buildEnvironmentVariables":{"GOOGLE_NODE_RUN_SCRIPTS":""},"dockerRegistry":"ARTIFACT_REGISTRY"},"versionId":"1","updateTime":"2023-10-16T07:05:11Z","buildId":"fc1268cd-8486-4357-b66e-03b3592da524","sourceToken":"7d5aafe9-5086-4e3a-ba97-faf0b468062d","buildName":"projects/418970321616/locations/us-central1/builds/fc1268cd-8486-4357-b66e-03b3592da524"}}
[debug] [2023-10-16T07:06:15.185Z] Got source token 7d5aafe9-5086-4e3a-ba97-faf0b468062d for region us-central1
[debug] [2023-10-16T07:06:25.196Z] [create-default-us-central1-sendEmail] Retrying task index 0
[debug] [2023-10-16T07:06:25.197Z] >>> [apiv2][query] GET https://cloudfunctions.googleapis.com/v1/operations/bW92ZWVkdWNhLW9yZy91cy1jZW50cmFsMS9zZW5kRW1haWwvSDFKSFlTM2RjZ2s [none]
[debug] [2023-10-16T07:06:26.209Z] <<< [apiv2][status] GET https://cloudfunctions.googleapis.com/v1/operations/bW92ZWVkdWNhLW9yZy91cy1jZW50cmFsMS9zZW5kRW1haWwvSDFKSFlTM2RjZ2s 200
[debug] [2023-10-16T07:06:26.211Z] <<< [apiv2][body] GET https://cloudfunctions.googleapis.com/v1/operations/bW92ZWVkdWNhLW9yZy91cy1jZW50cmFsMS9zZW5kRW1haWwvSDFKSFlTM2RjZ2s {"name":"operations/bW92ZWVkdWNhLW9yZy91cy1jZW50cmFsMS9zZW5kRW1haWwvSDFKSFlTM2RjZ2s","metadata":{"@type":"type.googleapis.com/google.cloud.functions.v1.OperationMetadataV1","target":"projects/moveeduca-org/locations/us-central1/functions/sendEmail","type":"CREATE_FUNCTION","request":{"@type":"type.googleapis.com/google.cloud.functions.v1.CloudFunction","name":"projects/moveeduca-org/locations/us-central1/functions/sendEmail","httpsTrigger":{"securityLevel":"SECURE_ALWAYS"},"entryPoint":"sendEmail","labels":{"deployment-tool":"cli-firebase","firebase-functions-hash":"a9001a2b7c3600bad38a3913b8932e7149ac22d3"},"sourceUploadUrl":"https://storage.googleapis.com/uploads-580467748812.us-central1.cloudfunctions.appspot.com/b3478190-f3b4-44de-8ab7-f91eb703d380.zip?GoogleAccessId=service-418970321616@gcf-admin-robot.iam.gserviceaccount.com&Expires=1697441708&Signature=Kgyd5S99McGKg7idVdwnndZtNybxOjgcVPM2G%2FkamJ8E37%2FrzTfbGdbohFeDdUiFBxaJyiVJERBlHY0TIUGQyoQrfSj6cRa1gyufL18TFr7Q47aw93MDbYaziyHqIePDVHgo6%2BmotHJR5Yva9RqZtfBcQkHb8Vm6%2BylPPhamZ74meR9xfgRds4QDYi3KU1dqar6lCacchlHtoEO8Pl1hyq6Nwu49pBsrr0x6C9XCCcMS5zGM%2BYLQZUubwijwsMCtMjGsvb%2FwODuxrScMEqSKtoQFe7rzjVI8D178QT4HAiYHHaXuSIIYWY%2BZJn9NWdSEP2QEauKzkmnZBEvQhfJ%2FLw%3D%3D","environmentVariables":{"FIREBASE_CONFIG":"{\"projectId\":\"moveeduca-org\",\"databaseURL\":\"https://moveeduca-org.firebaseio.com\",\"storageBucket\":\"moveeduca-org.appspot.com\"}","GCLOUD_PROJECT":"moveeduca-org","EVENTARC_CLOUD_EVENT_SOURCE":"projects/moveeduca-org/locations/us-central1/functions/sendEmail"},"runtime":"nodejs18","buildEnvironmentVariables":{"GOOGLE_NODE_RUN_SCRIPTS":""},"dockerRegistry":"ARTIFACT_REGISTRY"},"versionId":"1","updateTime":"2023-10-16T07:06:22Z","buildId":"fc1268cd-8486-4357-b66e-03b3592da524","sourceToken":"7d5aafe9-5086-4e3a-ba97-faf0b468062d","buildName":"projects/418970321616/locations/us-central1/builds/fc1268cd-8486-4357-b66e-03b3592da524"},"done":true,"response":{"@type":"type.googleapis.com/google.cloud.functions.v1.CloudFunction","name":"projects/moveeduca-org/locations/us-central1/functions/sendEmail","httpsTrigger":{"url":"https://us-central1-moveeduca-org.cloudfunctions.net/sendEmail","securityLevel":"SECURE_ALWAYS"},"status":"ACTIVE","entryPoint":"sendEmail","timeout":"60s","availableMemoryMb":256,"serviceAccountEmail":"moveeduca-org@appspot.gserviceaccount.com","updateTime":"2023-10-16T07:06:22.510Z","versionId":"1","labels":{"deployment-tool":"cli-firebase","firebase-functions-hash":"a9001a2b7c3600bad38a3913b8932e7149ac22d3"},"sourceUploadUrl":"https://storage.googleapis.com/uploads-580467748812.us-central1.cloudfunctions.appspot.com/b3478190-f3b4-44de-8ab7-f91eb703d380.zip","environmentVariables":{"FIREBASE_CONFIG":"{\"projectId\":\"moveeduca-org\",\"databaseURL\":\"https://moveeduca-org.firebaseio.com\",\"storageBucket\":\"moveeduca-org.appspot.com\"}","GCLOUD_PROJECT":"moveeduca-org","EVENTARC_CLOUD_EVENT_SOURCE":"projects/moveeduca-org/locations/us-central1/functions/sendEmail"},"runtime":"nodejs18","ingressSettings":"ALLOW_ALL","buildId":"fc1268cd-8486-4357-b66e-03b3592da524","buildEnvironmentVariables":{"GOOGLE_NODE_RUN_SCRIPTS":""},"buildName":"projects/418970321616/locations/us-central1/builds/fc1268cd-8486-4357-b66e-03b3592da524","dockerRegistry":"ARTIFACT_REGISTRY"}}
[debug] [2023-10-16T07:06:26.212Z] Got source token 7d5aafe9-5086-4e3a-ba97-faf0b468062d for region us-central1
[debug] [2023-10-16T07:06:26.215Z] >>> [apiv2][query] POST https://cloudfunctions.googleapis.com/v1/projects/moveeduca-org/locations/us-central1/functions/sendEmail:setIamPolicy [none]
[debug] [2023-10-16T07:06:26.215Z] >>> [apiv2][body] POST https://cloudfunctions.googleapis.com/v1/projects/moveeduca-org/locations/us-central1/functions/sendEmail:setIamPolicy {"policy":{"bindings":[{"role":"roles/cloudfunctions.invoker","members":["allUsers"]}],"etag":"","version":3},"updateMask":"bindings,etag,version"}
[debug] [2023-10-16T07:06:27.118Z] <<< [apiv2][status] POST https://cloudfunctions.googleapis.com/v1/projects/moveeduca-org/locations/us-central1/functions/sendEmail:setIamPolicy 200
[debug] [2023-10-16T07:06:27.118Z] <<< [apiv2][body] POST https://cloudfunctions.googleapis.com/v1/projects/moveeduca-org/locations/us-central1/functions/sendEmail:setIamPolicy {"version":1,"etag":"BwYH0Aty194=","bindings":[{"role":"roles/cloudfunctions.invoker","members":["allUsers"]}]}
[info] ✔  functions[sendEmail(us-central1)] Successful create operation. 
[debug] [2023-10-16T07:06:27.120Z] Total Function Deployment time: 76690
[debug] [2023-10-16T07:06:27.120Z] 2 Functions Deployed
[debug] [2023-10-16T07:06:27.120Z] 1 Functions Errored
[debug] [2023-10-16T07:06:27.120Z] 0 Function Deployments Aborted
[debug] [2023-10-16T07:06:27.120Z] Average Function Deployment time: 39370.5
[info] 
[info] Functions deploy had errors with the following functions:
	helloWorld(us-central1)
[debug] [2023-10-16T07:06:27.122Z] Not printing URL for HTTPS function. Typically this means it didn't match a filter or we failed deployment
[info] Function URL (sendEmail(us-central1)): https://us-central1-moveeduca-org.cloudfunctions.net/sendEmail
[info] i  functions: cleaning up build files... 
[debug] [2023-10-16T07:06:27.126Z] >>> [apiv2][query] DELETE https://artifactregistry.googleapis.com/v1beta2/projects/moveeduca-org/locations/us-central1/repositories/gcf-artifacts/packages/hello_world [none]
[debug] [2023-10-16T07:06:27.129Z] >>> [apiv2][query] DELETE https://artifactregistry.googleapis.com/v1beta2/projects/moveeduca-org/locations/us-central1/repositories/gcf-artifacts/packages/send_email [none]
[debug] [2023-10-16T07:06:27.130Z] >>> [apiv2][query] GET https://us.gcr.io/v2/moveeduca-org/gcf/us-central1/tags/list [none]
[debug] [2023-10-16T07:06:28.219Z] <<< [apiv2][status] DELETE https://artifactregistry.googleapis.com/v1beta2/projects/moveeduca-org/locations/us-central1/repositories/gcf-artifacts/packages/send_email 200
[debug] [2023-10-16T07:06:28.220Z] <<< [apiv2][body] DELETE https://artifactregistry.googleapis.com/v1beta2/projects/moveeduca-org/locations/us-central1/repositories/gcf-artifacts/packages/send_email {"name":"projects/moveeduca-org/locations/us-central1/operations/6b961116-a60c-4bbb-bd92-abc3fdaf78a3","metadata":{"@type":"type.googleapis.com/google.devtools.artifactregistry.v1beta2.OperationMetadata"}}
[debug] [2023-10-16T07:06:28.221Z] >>> [apiv2][query] GET https://artifactregistry.googleapis.com/v1beta2/projects/moveeduca-org/locations/us-central1/operations/6b961116-a60c-4bbb-bd92-abc3fdaf78a3 [none]
[debug] [2023-10-16T07:06:28.234Z] <<< [apiv2][status] DELETE https://artifactregistry.googleapis.com/v1beta2/projects/moveeduca-org/locations/us-central1/repositories/gcf-artifacts/packages/hello_world 404
[debug] [2023-10-16T07:06:28.235Z] <<< [apiv2][body] DELETE https://artifactregistry.googleapis.com/v1beta2/projects/moveeduca-org/locations/us-central1/repositories/gcf-artifacts/packages/hello_world {"error":{"code":404,"message":"Package \"projects/moveeduca-org/locations/us-central1/repositories/gcf-artifacts/packages/hello_world\" was not found.","status":"NOT_FOUND"}}
[debug] [2023-10-16T07:06:29.383Z] <<< [apiv2][status] GET https://artifactregistry.googleapis.com/v1beta2/projects/moveeduca-org/locations/us-central1/operations/6b961116-a60c-4bbb-bd92-abc3fdaf78a3 200
[debug] [2023-10-16T07:06:29.384Z] <<< [apiv2][body] GET https://artifactregistry.googleapis.com/v1beta2/projects/moveeduca-org/locations/us-central1/operations/6b961116-a60c-4bbb-bd92-abc3fdaf78a3 {"name":"projects/moveeduca-org/locations/us-central1/operations/6b961116-a60c-4bbb-bd92-abc3fdaf78a3","metadata":{"@type":"type.googleapis.com/google.devtools.artifactregistry.v1beta2.OperationMetadata"},"done":true,"response":{"@type":"type.googleapis.com/google.protobuf.Empty"}}
[debug] [2023-10-16T07:06:29.386Z] <<< [apiv2][status] GET https://us.gcr.io/v2/moveeduca-org/gcf/us-central1/tags/list 200
[debug] [2023-10-16T07:06:29.387Z] <<< [apiv2][body] GET https://us.gcr.io/v2/moveeduca-org/gcf/us-central1/tags/list {"child":[],"manifest":{},"name":"moveeduca-org/gcf/us-central1","tags":[]}
[debug] [2023-10-16T07:06:29.388Z] Could not find image for function projects/moveeduca-org/locations/us-central1/functions/helloWorld
[debug] [2023-10-16T07:06:29.389Z] Could not find image for function projects/moveeduca-org/locations/us-central1/functions/sendEmail
[debug] [2023-10-16T07:06:29.389Z] Functions deploy failed.
[debug] [2023-10-16T07:06:29.390Z] {
  "endpoint": {
    "id": "helloWorld",
    "project": "moveeduca-org",
    "region": "us-central1",
    "entryPoint": "helloWorld",
    "platform": "gcfv2",
    "runtime": "nodejs18",
    "httpsTrigger": {},
    "labels": {
      "deployment-tool": "cli-firebase"
    },
    "ingressSettings": null,
    "availableMemoryMb": null,
    "serviceAccount": null,
    "timeoutSeconds": null,
    "maxInstances": null,
    "minInstances": null,
    "concurrency": 80,
    "vpc": null,
    "environmentVariables": {
      "FIREBASE_CONFIG": "{\"projectId\":\"moveeduca-org\",\"databaseURL\":\"https://moveeduca-org.firebaseio.com\",\"storageBucket\":\"moveeduca-org.appspot.com\"}",
      "GCLOUD_PROJECT": "moveeduca-org",
      "EVENTARC_CLOUD_EVENT_SOURCE": "projects/moveeduca-org/locations/us-central1/services/helloWorld"
    },
    "codebase": "default",
    "cpu": 1,
    "targetedByOnly": false,
    "hash": "8de28ce0e2f2dcf617044af3c701211c17801c55"
  },
  "op": "create",
  "original": {
    "name": "FirebaseError",
    "children": [],
    "context": {
      "function": "projects/moveeduca-org/locations/us-central1/functions/helloWorld"
    },
    "exit": 1,
    "message": "Failed to create function projects/moveeduca-org/locations/us-central1/functions/helloWorld",
    "original": {
      "name": "FirebaseError",
      "children": [],
      "context": {
        "body": {
          "error": {
            "code": 400,
            "message": "Could not create Cloud Run service helloworld. spec.template.spec.containers.resources.limits.cpu: Invalid value specified for cpu. For the specified value, maxScale may not exceed 10.\nConsider running your workload in a region with greater capacity, decreasing your requested cpu-per-instance, or requesting an increase in quota for this region if you are seeing sustained usage near this limit, see https://cloud.google.com/run/quotas. Your project may gain access to further scaling by adding billing information to your account.",
            "status": "INVALID_ARGUMENT"
          }
        },
        "response": {
          "statusCode": 400
        }
      },
      "exit": 1,
      "message": "HTTP Error: 400, Could not create Cloud Run service helloworld. spec.template.spec.containers.resources.limits.cpu: Invalid value specified for cpu. For the specified value, maxScale may not exceed 10.\nConsider running your workload in a region with greater capacity, decreasing your requested cpu-per-instance, or requesting an increase in quota for this region if you are seeing sustained usage near this limit, see https://cloud.google.com/run/quotas. Your project may gain access to further scaling by adding billing information to your account.",
      "status": 400
    },
    "status": 400,
    "code": 400
  }
}
[debug] [2023-10-16T07:06:29.394Z] Error: Failed to create function helloWorld in region us-central1
    at /home/usuario/.nvm/versions/node/v16.20.1/lib/node_modules/firebase-tools/lib/deploy/functions/release/fabricator.js:291:27
    at processTicksAndRejections (node:internal/process/task_queues:96:5)
    at async Fabricator.createV2Function (/home/usuario/.nvm/versions/node/v16.20.1/lib/node_modules/firebase-tools/lib/deploy/functions/release/fabricator.js:277:30)
    at async Fabricator.createEndpoint (/home/usuario/.nvm/versions/node/v16.20.1/lib/node_modules/firebase-tools/lib/deploy/functions/release/fabricator.js:136:13)
    at async handle (/home/usuario/.nvm/versions/node/v16.20.1/lib/node_modules/firebase-tools/lib/deploy/functions/release/fabricator.js:88:17)
[error] 
[error] Error: There was an error deploying functions
